2014/01/15 12:49:24 [error] [system.db.CDbCommand] CDbCommand::fetchAll() failed: SQLSTATE[42S02]: Base table or view not found: 1146 Table 'carlist.o_page' doesn't exist. The SQL statement executed was: SHOW FULL COLUMNS FROM `o_page`.
in /var/www/yii/unixmen/index.php (13)
2014/01/15 12:49:53 [error] [system.db.CDbCommand] CDbCommand::fetchAll() failed: SQLSTATE[42S02]: Base table or view not found: 1146 Table 'carlist.o_page' doesn't exist. The SQL statement executed was: SHOW FULL COLUMNS FROM `o_page`.
in /var/www/yii/unixmen/index.php (13)
2014/01/15 13:32:24 [error] [exception.CHttpException.404] exception 'CHttpException' with message 'The system is unable to find the requested action "index".' in /var/www/yii/framework/web/CController.php:483
Stack trace:
#0 /var/www/yii/framework/web/CController.php(270): CController->missingAction('')
#1 /var/www/yii/framework/web/CWebApplication.php(282): CController->run('')
#2 /var/www/yii/framework/web/CWebApplication.php(141): CWebApplication->runController('my')
#3 /var/www/yii/framework/base/CApplication.php(169): CWebApplication->processRequest()
#4 /var/www/yii/unixmen/index.php(13): CApplication->run()
#5 {main}
REQUEST_URI=/index.php?r=my
---
2014/01/15 13:42:08 [error] [exception.CException] exception 'CException' with message 'MyController cannot find the requested view "hujpizda".' in /var/www/yii/framework/web/CController.php:878
Stack trace:
#0 /var/www/yii/framework/web/CController.php(782): CController->renderPartial('hujpizda', NULL, true)
#1 /var/www/yii/unixmen/protected/controllers/MyController.php(6): CController->render('hujpizda')
#2 /var/www/yii/framework/web/actions/CInlineAction.php(49): MyController->actionOne()
#3 /var/www/yii/framework/web/CController.php(308): CInlineAction->runWithParams(Array)
#4 /var/www/yii/framework/web/CController.php(286): CController->runAction(Object(CInlineAction))
#5 /var/www/yii/framework/web/CController.php(265): CController->runActionWithFilters(Object(CInlineAction), Array)
#6 /var/www/yii/framework/web/CWebApplication.php(282): CController->run('one')
#7 /var/www/yii/framework/web/CWebApplication.php(141): CWebApplication->runController('my/one')
#8 /var/www/yii/framework/base/CApplication.php(169): CWebApplication->processRequest()
#9 /var/www/yii/unixmen/index.php(13): CApplication->run()
#10 {main}
REQUEST_URI=/index.php?r=my/one
---
2014/01/15 13:44:09 [error] [exception.CHttpException.404] exception 'CHttpException' with message 'The system is unable to find the requested action "huj".' in /var/www/yii/framework/web/CController.php:483
Stack trace:
#0 /var/www/yii/framework/web/CController.php(270): CController->missingAction('huj')
#1 /var/www/yii/framework/web/CWebApplication.php(282): CController->run('huj')
#2 /var/www/yii/framework/web/CWebApplication.php(141): CWebApplication->runController('my/huj')
#3 /var/www/yii/framework/base/CApplication.php(169): CWebApplication->processRequest()
#4 /var/www/yii/unixmen/index.php(13): CApplication->run()
#5 {main}
REQUEST_URI=/index.php?r=my/huj
---
2014/01/15 14:05:18 [error] [exception.CHttpException.404] exception 'CHttpException' with message 'Unable to resolve the request "book".' in /var/www/yii/framework/web/CWebApplication.php:286
Stack trace:
#0 /var/www/yii/framework/web/CWebApplication.php(141): CWebApplication->runController('book')
#1 /var/www/yii/framework/base/CApplication.php(169): CWebApplication->processRequest()
#2 /var/www/yii/unixmen/index.php(13): CApplication->run()
#3 {main}
REQUEST_URI=/index.php?r=book
---
2014/01/15 14:05:25 [error] [exception.CHttpException.404] exception 'CHttpException' with message 'Unable to resolve the request "book".' in /var/www/yii/framework/web/CWebApplication.php:286
Stack trace:
#0 /var/www/yii/framework/web/CWebApplication.php(141): CWebApplication->runController('book')
#1 /var/www/yii/framework/base/CApplication.php(169): CWebApplication->processRequest()
#2 /var/www/yii/unixmen/index.php(13): CApplication->run()
#3 {main}
REQUEST_URI=/index.php?r=book
---
2014/01/15 14:05:29 [error] [exception.CHttpException.404] exception 'CHttpException' with message 'Unable to resolve the request "Book".' in /var/www/yii/framework/web/CWebApplication.php:286
Stack trace:
#0 /var/www/yii/framework/web/CWebApplication.php(141): CWebApplication->runController('Book')
#1 /var/www/yii/framework/base/CApplication.php(169): CWebApplication->processRequest()
#2 /var/www/yii/unixmen/index.php(13): CApplication->run()
#3 {main}
REQUEST_URI=/index.php?r=Book
---
2014/01/15 15:15:58 [error] [exception.CException] exception 'CException' with message 'Property "CDbCriteria.0" is not defined.' in /var/www/yii/framework/base/CComponent.php:173
Stack trace:
#0 /var/www/yii/framework/db/schema/CDbCriteria.php(160): CComponent->__set('0', 'id<:num')
#1 /var/www/yii/framework/db/schema/CDbCommandBuilder.php(483): CDbCriteria->__construct(Array)
#2 /var/www/yii/framework/db/ar/CActiveRecord.php(1401): CDbCommandBuilder->createCriteria(Array, Array)
#3 /var/www/yii/unixmen/protected/controllers/BookController.php(8): CActiveRecord->find(Array)
#4 /var/www/yii/framework/web/actions/CInlineAction.php(49): BookController->actionIndex()
#5 /var/www/yii/framework/web/CController.php(308): CInlineAction->runWithParams(Array)
#6 /var/www/yii/framework/web/CController.php(286): CController->runAction(Object(CInlineAction))
#7 /var/www/yii/framework/web/CController.php(265): CController->runActionWithFilters(Object(CInlineAction), Array)
#8 /var/www/yii/framework/web/CWebApplication.php(282): CController->run('')
#9 /var/www/yii/framework/web/CWebApplication.php(141): CWebApplication->runController('Book')
#10 /var/www/yii/framework/base/CApplication.php(169): CWebApplication->processRequest()
#11 /var/www/yii/unixmen/index.php(13): CApplication->run()
#12 {main}
REQUEST_URI=/index.php?r=Book
---
2014/01/15 15:17:56 [error] [exception.CException] exception 'CException' with message 'Property "CDbCriteria.0" is not defined.' in /var/www/yii/framework/base/CComponent.php:173
Stack trace:
#0 /var/www/yii/framework/db/schema/CDbCriteria.php(160): CComponent->__set('0', 'id<:num')
#1 /var/www/yii/framework/db/schema/CDbCommandBuilder.php(483): CDbCriteria->__construct(Array)
#2 /var/www/yii/framework/db/ar/CActiveRecord.php(1401): CDbCommandBuilder->createCriteria(Array, Array)
#3 /var/www/yii/unixmen/protected/controllers/BookController.php(8): CActiveRecord->find(Array, Array)
#4 /var/www/yii/framework/web/actions/CInlineAction.php(49): BookController->actionIndex()
#5 /var/www/yii/framework/web/CController.php(308): CInlineAction->runWithParams(Array)
#6 /var/www/yii/framework/web/CController.php(286): CController->runAction(Object(CInlineAction))
#7 /var/www/yii/framework/web/CController.php(265): CController->runActionWithFilters(Object(CInlineAction), Array)
#8 /var/www/yii/framework/web/CWebApplication.php(282): CController->run('')
#9 /var/www/yii/framework/web/CWebApplication.php(141): CWebApplication->runController('Book')
#10 /var/www/yii/framework/base/CApplication.php(169): CWebApplication->processRequest()
#11 /var/www/yii/unixmen/index.php(13): CApplication->run()
#12 {main}
REQUEST_URI=/index.php?r=Book
---
2014/01/15 15:19:01 [error] [exception.CException] exception 'CException' with message 'Property "CDbCriteria.0" is not defined.' in /var/www/yii/framework/base/CComponent.php:173
Stack trace:
#0 /var/www/yii/framework/db/schema/CDbCriteria.php(160): CComponent->__set('0', 'id<:num')
#1 /var/www/yii/framework/db/schema/CDbCommandBuilder.php(483): CDbCriteria->__construct(Array)
#2 /var/www/yii/framework/db/ar/CActiveRecord.php(1401): CDbCommandBuilder->createCriteria(Array, Array)
#3 /var/www/yii/unixmen/protected/controllers/BookController.php(8): CActiveRecord->find(Array, Array)
#4 /var/www/yii/framework/web/actions/CInlineAction.php(49): BookController->actionIndex()
#5 /var/www/yii/framework/web/CController.php(308): CInlineAction->runWithParams(Array)
#6 /var/www/yii/framework/web/CController.php(286): CController->runAction(Object(CInlineAction))
#7 /var/www/yii/framework/web/CController.php(265): CController->runActionWithFilters(Object(CInlineAction), Array)
#8 /var/www/yii/framework/web/CWebApplication.php(282): CController->run('')
#9 /var/www/yii/framework/web/CWebApplication.php(141): CWebApplication->runController('Book')
#10 /var/www/yii/framework/base/CApplication.php(169): CWebApplication->processRequest()
#11 /var/www/yii/unixmen/index.php(13): CApplication->run()
#12 {main}
REQUEST_URI=/index.php?r=Book
---
2014/01/15 15:19:02 [error] [exception.CException] exception 'CException' with message 'Property "CDbCriteria.0" is not defined.' in /var/www/yii/framework/base/CComponent.php:173
Stack trace:
#0 /var/www/yii/framework/db/schema/CDbCriteria.php(160): CComponent->__set('0', 'id<:num')
#1 /var/www/yii/framework/db/schema/CDbCommandBuilder.php(483): CDbCriteria->__construct(Array)
#2 /var/www/yii/framework/db/ar/CActiveRecord.php(1401): CDbCommandBuilder->createCriteria(Array, Array)
#3 /var/www/yii/unixmen/protected/controllers/BookController.php(8): CActiveRecord->find(Array, Array)
#4 /var/www/yii/framework/web/actions/CInlineAction.php(49): BookController->actionIndex()
#5 /var/www/yii/framework/web/CController.php(308): CInlineAction->runWithParams(Array)
#6 /var/www/yii/framework/web/CController.php(286): CController->runAction(Object(CInlineAction))
#7 /var/www/yii/framework/web/CController.php(265): CController->runActionWithFilters(Object(CInlineAction), Array)
#8 /var/www/yii/framework/web/CWebApplication.php(282): CController->run('')
#9 /var/www/yii/framework/web/CWebApplication.php(141): CWebApplication->runController('Book')
#10 /var/www/yii/framework/base/CApplication.php(169): CWebApplication->processRequest()
#11 /var/www/yii/unixmen/index.php(13): CApplication->run()
#12 {main}
REQUEST_URI=/index.php?r=Book
---
2014/01/15 15:19:35 [error] [exception.CException] exception 'CException' with message 'Property "CDbCriteria.:num" is not defined.' in /var/www/yii/framework/base/CComponent.php:173
Stack trace:
#0 /var/www/yii/framework/db/schema/CDbCriteria.php(160): CComponent->__set(':num', 4)
#1 /var/www/yii/framework/db/schema/CDbCommandBuilder.php(483): CDbCriteria->__construct(Array)
#2 /var/www/yii/framework/db/schema/CDbCommandBuilder.php(512): CDbCommandBuilder->createCriteria(Array, Array)
#3 /var/www/yii/framework/db/ar/CActiveRecord.php(1431): CDbCommandBuilder->createPkCriteria(Object(CMysqlTableSchema), Array, Array, Array, '`t`.')
#4 /var/www/yii/unixmen/protected/controllers/BookController.php(8): CActiveRecord->findByPk(Array, Array)
#5 /var/www/yii/framework/web/actions/CInlineAction.php(49): BookController->actionIndex()
#6 /var/www/yii/framework/web/CController.php(308): CInlineAction->runWithParams(Array)
#7 /var/www/yii/framework/web/CController.php(286): CController->runAction(Object(CInlineAction))
#8 /var/www/yii/framework/web/CController.php(265): CController->runActionWithFilters(Object(CInlineAction), Array)
#9 /var/www/yii/framework/web/CWebApplication.php(282): CController->run('')
#10 /var/www/yii/framework/web/CWebApplication.php(141): CWebApplication->runController('Book')
#11 /var/www/yii/framework/base/CApplication.php(169): CWebApplication->processRequest()
#12 /var/www/yii/unixmen/index.php(13): CApplication->run()
#13 {main}
REQUEST_URI=/index.php?r=Book
---
2014/01/15 15:21:03 [error] [exception.CException] exception 'CException' with message 'Property "CDbCriteria.:num" is not defined.' in /var/www/yii/framework/base/CComponent.php:173
Stack trace:
#0 /var/www/yii/framework/db/schema/CDbCriteria.php(160): CComponent->__set(':num', 4)
#1 /var/www/yii/framework/db/schema/CDbCommandBuilder.php(483): CDbCriteria->__construct(Array)
#2 /var/www/yii/framework/db/schema/CDbCommandBuilder.php(512): CDbCommandBuilder->createCriteria(Array, Array)
#3 /var/www/yii/framework/db/ar/CActiveRecord.php(1431): CDbCommandBuilder->createPkCriteria(Object(CMysqlTableSchema), 'id<:num', Array, Array, '`t`.')
#4 /var/www/yii/unixmen/protected/controllers/BookController.php(8): CActiveRecord->findByPk('id<:num', Array)
#5 /var/www/yii/framework/web/actions/CInlineAction.php(49): BookController->actionIndex()
#6 /var/www/yii/framework/web/CController.php(308): CInlineAction->runWithParams(Array)
#7 /var/www/yii/framework/web/CController.php(286): CController->runAction(Object(CInlineAction))
#8 /var/www/yii/framework/web/CController.php(265): CController->runActionWithFilters(Object(CInlineAction), Array)
#9 /var/www/yii/framework/web/CWebApplication.php(282): CController->run('')
#10 /var/www/yii/framework/web/CWebApplication.php(141): CWebApplication->runController('Book')
#11 /var/www/yii/framework/base/CApplication.php(169): CWebApplication->processRequest()
#12 /var/www/yii/unixmen/index.php(13): CApplication->run()
#13 {main}
REQUEST_URI=/index.php?r=Book
---
2014/01/15 15:21:04 [error] [exception.CException] exception 'CException' with message 'Property "CDbCriteria.:num" is not defined.' in /var/www/yii/framework/base/CComponent.php:173
Stack trace:
#0 /var/www/yii/framework/db/schema/CDbCriteria.php(160): CComponent->__set(':num', 4)
#1 /var/www/yii/framework/db/schema/CDbCommandBuilder.php(483): CDbCriteria->__construct(Array)
#2 /var/www/yii/framework/db/schema/CDbCommandBuilder.php(512): CDbCommandBuilder->createCriteria(Array, Array)
#3 /var/www/yii/framework/db/ar/CActiveRecord.php(1431): CDbCommandBuilder->createPkCriteria(Object(CMysqlTableSchema), 'id<:num', Array, Array, '`t`.')
#4 /var/www/yii/unixmen/protected/controllers/BookController.php(8): CActiveRecord->findByPk('id<:num', Array)
#5 /var/www/yii/framework/web/actions/CInlineAction.php(49): BookController->actionIndex()
#6 /var/www/yii/framework/web/CController.php(308): CInlineAction->runWithParams(Array)
#7 /var/www/yii/framework/web/CController.php(286): CController->runAction(Object(CInlineAction))
#8 /var/www/yii/framework/web/CController.php(265): CController->runActionWithFilters(Object(CInlineAction), Array)
#9 /var/www/yii/framework/web/CWebApplication.php(282): CController->run('')
#10 /var/www/yii/framework/web/CWebApplication.php(141): CWebApplication->runController('Book')
#11 /var/www/yii/framework/base/CApplication.php(169): CWebApplication->processRequest()
#12 /var/www/yii/unixmen/index.php(13): CApplication->run()
#13 {main}
REQUEST_URI=/index.php?r=Book
---
2014/01/15 15:21:25 [error] [php] Trying to get property of non-object (/var/www/yii/unixmen/protected/controllers/BookController.php:11)
Stack trace:
#0 /var/www/yii/framework/web/CController.php(286): BookController->runAction()
#1 /var/www/yii/framework/web/CController.php(265): BookController->runActionWithFilters()
#2 /var/www/yii/framework/web/CWebApplication.php(282): BookController->run()
#3 /var/www/yii/framework/web/CWebApplication.php(141): CWebApplication->runController()
#4 /var/www/yii/framework/base/CApplication.php(169): CWebApplication->processRequest()
#5 /var/www/yii/unixmen/index.php(13): CWebApplication->run()
REQUEST_URI=/index.php?r=Book
in /var/www/yii/unixmen/protected/controllers/BookController.php (11)
in /var/www/yii/unixmen/index.php (13)
2014/01/15 15:29:06 [error] [php] Trying to get property of non-object (/var/www/yii/unixmen/protected/controllers/BookController.php:11)
Stack trace:
#0 /var/www/yii/framework/web/CController.php(286): BookController->runAction()
#1 /var/www/yii/framework/web/CController.php(265): BookController->runActionWithFilters()
#2 /var/www/yii/framework/web/CWebApplication.php(282): BookController->run()
#3 /var/www/yii/framework/web/CWebApplication.php(141): CWebApplication->runController()
#4 /var/www/yii/framework/base/CApplication.php(169): CWebApplication->processRequest()
#5 /var/www/yii/unixmen/index.php(13): CWebApplication->run()
REQUEST_URI=/index.php?r=Book
in /var/www/yii/unixmen/protected/controllers/BookController.php (11)
in /var/www/yii/unixmen/index.php (13)
2014/01/15 15:35:08 [error] [exception.CException] exception 'CException' with message 'Book and its behaviors do not have a method or closure named "findySql".' in /var/www/yii/framework/base/CComponent.php:265
Stack trace:
#0 /var/www/yii/framework/db/ar/CActiveRecord.php(225): CComponent->__call('findySql', Array)
#1 /var/www/yii/unixmen/protected/controllers/BookController.php(8): CActiveRecord->__call('findySql', Array)
#2 /var/www/yii/unixmen/protected/controllers/BookController.php(8): Book->findySql()
#3 /var/www/yii/framework/web/actions/CInlineAction.php(49): BookController->actionIndex()
#4 /var/www/yii/framework/web/CController.php(308): CInlineAction->runWithParams(Array)
#5 /var/www/yii/framework/web/CController.php(286): CController->runAction(Object(CInlineAction))
#6 /var/www/yii/framework/web/CController.php(265): CController->runActionWithFilters(Object(CInlineAction), Array)
#7 /var/www/yii/framework/web/CWebApplication.php(282): CController->run('')
#8 /var/www/yii/framework/web/CWebApplication.php(141): CWebApplication->runController('Book')
#9 /var/www/yii/framework/base/CApplication.php(169): CWebApplication->processRequest()
#10 /var/www/yii/unixmen/index.php(13): CApplication->run()
#11 {main}
REQUEST_URI=/index.php?r=Book
---
2014/01/15 15:35:19 [error] [exception.CException] exception 'CException' with message 'Book and its behaviors do not have a method or closure named "findySql".' in /var/www/yii/framework/base/CComponent.php:265
Stack trace:
#0 /var/www/yii/framework/db/ar/CActiveRecord.php(225): CComponent->__call('findySql', Array)
#1 /var/www/yii/unixmen/protected/controllers/BookController.php(8): CActiveRecord->__call('findySql', Array)
#2 /var/www/yii/unixmen/protected/controllers/BookController.php(8): Book->findySql('huj')
#3 /var/www/yii/framework/web/actions/CInlineAction.php(49): BookController->actionIndex()
#4 /var/www/yii/framework/web/CController.php(308): CInlineAction->runWithParams(Array)
#5 /var/www/yii/framework/web/CController.php(286): CController->runAction(Object(CInlineAction))
#6 /var/www/yii/framework/web/CController.php(265): CController->runActionWithFilters(Object(CInlineAction), Array)
#7 /var/www/yii/framework/web/CWebApplication.php(282): CController->run('')
#8 /var/www/yii/framework/web/CWebApplication.php(141): CWebApplication->runController('Book')
#9 /var/www/yii/framework/base/CApplication.php(169): CWebApplication->processRequest()
#10 /var/www/yii/unixmen/index.php(13): CApplication->run()
#11 {main}
REQUEST_URI=/index.php?r=Book
---
2014/01/15 15:35:20 [error] [exception.CException] exception 'CException' with message 'Book and its behaviors do not have a method or closure named "findySql".' in /var/www/yii/framework/base/CComponent.php:265
Stack trace:
#0 /var/www/yii/framework/db/ar/CActiveRecord.php(225): CComponent->__call('findySql', Array)
#1 /var/www/yii/unixmen/protected/controllers/BookController.php(8): CActiveRecord->__call('findySql', Array)
#2 /var/www/yii/unixmen/protected/controllers/BookController.php(8): Book->findySql('huj')
#3 /var/www/yii/framework/web/actions/CInlineAction.php(49): BookController->actionIndex()
#4 /var/www/yii/framework/web/CController.php(308): CInlineAction->runWithParams(Array)
#5 /var/www/yii/framework/web/CController.php(286): CController->runAction(Object(CInlineAction))
#6 /var/www/yii/framework/web/CController.php(265): CController->runActionWithFilters(Object(CInlineAction), Array)
#7 /var/www/yii/framework/web/CWebApplication.php(282): CController->run('')
#8 /var/www/yii/framework/web/CWebApplication.php(141): CWebApplication->runController('Book')
#9 /var/www/yii/framework/base/CApplication.php(169): CWebApplication->processRequest()
#10 /var/www/yii/unixmen/index.php(13): CApplication->run()
#11 {main}
REQUEST_URI=/index.php?r=Book
---
2014/01/15 15:35:20 [error] [exception.CException] exception 'CException' with message 'Book and its behaviors do not have a method or closure named "findySql".' in /var/www/yii/framework/base/CComponent.php:265
Stack trace:
#0 /var/www/yii/framework/db/ar/CActiveRecord.php(225): CComponent->__call('findySql', Array)
#1 /var/www/yii/unixmen/protected/controllers/BookController.php(8): CActiveRecord->__call('findySql', Array)
#2 /var/www/yii/unixmen/protected/controllers/BookController.php(8): Book->findySql('huj')
#3 /var/www/yii/framework/web/actions/CInlineAction.php(49): BookController->actionIndex()
#4 /var/www/yii/framework/web/CController.php(308): CInlineAction->runWithParams(Array)
#5 /var/www/yii/framework/web/CController.php(286): CController->runAction(Object(CInlineAction))
#6 /var/www/yii/framework/web/CController.php(265): CController->runActionWithFilters(Object(CInlineAction), Array)
#7 /var/www/yii/framework/web/CWebApplication.php(282): CController->run('')
#8 /var/www/yii/framework/web/CWebApplication.php(141): CWebApplication->runController('Book')
#9 /var/www/yii/framework/base/CApplication.php(169): CWebApplication->processRequest()
#10 /var/www/yii/unixmen/index.php(13): CApplication->run()
#11 {main}
REQUEST_URI=/index.php?r=Book
---
2014/01/15 15:35:21 [error] [exception.CException] exception 'CException' with message 'Book and its behaviors do not have a method or closure named "findySql".' in /var/www/yii/framework/base/CComponent.php:265
Stack trace:
#0 /var/www/yii/framework/db/ar/CActiveRecord.php(225): CComponent->__call('findySql', Array)
#1 /var/www/yii/unixmen/protected/controllers/BookController.php(8): CActiveRecord->__call('findySql', Array)
#2 /var/www/yii/unixmen/protected/controllers/BookController.php(8): Book->findySql('huj')
#3 /var/www/yii/framework/web/actions/CInlineAction.php(49): BookController->actionIndex()
#4 /var/www/yii/framework/web/CController.php(308): CInlineAction->runWithParams(Array)
#5 /var/www/yii/framework/web/CController.php(286): CController->runAction(Object(CInlineAction))
#6 /var/www/yii/framework/web/CController.php(265): CController->runActionWithFilters(Object(CInlineAction), Array)
#7 /var/www/yii/framework/web/CWebApplication.php(282): CController->run('')
#8 /var/www/yii/framework/web/CWebApplication.php(141): CWebApplication->runController('Book')
#9 /var/www/yii/framework/base/CApplication.php(169): CWebApplication->processRequest()
#10 /var/www/yii/unixmen/index.php(13): CApplication->run()
#11 {main}
REQUEST_URI=/index.php?r=Book
---
2014/01/15 15:35:21 [error] [exception.CException] exception 'CException' with message 'Book and its behaviors do not have a method or closure named "findySql".' in /var/www/yii/framework/base/CComponent.php:265
Stack trace:
#0 /var/www/yii/framework/db/ar/CActiveRecord.php(225): CComponent->__call('findySql', Array)
#1 /var/www/yii/unixmen/protected/controllers/BookController.php(8): CActiveRecord->__call('findySql', Array)
#2 /var/www/yii/unixmen/protected/controllers/BookController.php(8): Book->findySql('huj')
#3 /var/www/yii/framework/web/actions/CInlineAction.php(49): BookController->actionIndex()
#4 /var/www/yii/framework/web/CController.php(308): CInlineAction->runWithParams(Array)
#5 /var/www/yii/framework/web/CController.php(286): CController->runAction(Object(CInlineAction))
#6 /var/www/yii/framework/web/CController.php(265): CController->runActionWithFilters(Object(CInlineAction), Array)
#7 /var/www/yii/framework/web/CWebApplication.php(282): CController->run('')
#8 /var/www/yii/framework/web/CWebApplication.php(141): CWebApplication->runController('Book')
#9 /var/www/yii/framework/base/CApplication.php(169): CWebApplication->processRequest()
#10 /var/www/yii/unixmen/index.php(13): CApplication->run()
#11 {main}
REQUEST_URI=/index.php?r=Book
---
2014/01/15 15:35:21 [error] [exception.CException] exception 'CException' with message 'Book and its behaviors do not have a method or closure named "findySql".' in /var/www/yii/framework/base/CComponent.php:265
Stack trace:
#0 /var/www/yii/framework/db/ar/CActiveRecord.php(225): CComponent->__call('findySql', Array)
#1 /var/www/yii/unixmen/protected/controllers/BookController.php(8): CActiveRecord->__call('findySql', Array)
#2 /var/www/yii/unixmen/protected/controllers/BookController.php(8): Book->findySql('huj')
#3 /var/www/yii/framework/web/actions/CInlineAction.php(49): BookController->actionIndex()
#4 /var/www/yii/framework/web/CController.php(308): CInlineAction->runWithParams(Array)
#5 /var/www/yii/framework/web/CController.php(286): CController->runAction(Object(CInlineAction))
#6 /var/www/yii/framework/web/CController.php(265): CController->runActionWithFilters(Object(CInlineAction), Array)
#7 /var/www/yii/framework/web/CWebApplication.php(282): CController->run('')
#8 /var/www/yii/framework/web/CWebApplication.php(141): CWebApplication->runController('Book')
#9 /var/www/yii/framework/base/CApplication.php(169): CWebApplication->processRequest()
#10 /var/www/yii/unixmen/index.php(13): CApplication->run()
#11 {main}
REQUEST_URI=/index.php?r=Book
---
2014/01/15 15:35:22 [error] [exception.CException] exception 'CException' with message 'Book and its behaviors do not have a method or closure named "findySql".' in /var/www/yii/framework/base/CComponent.php:265
Stack trace:
#0 /var/www/yii/framework/db/ar/CActiveRecord.php(225): CComponent->__call('findySql', Array)
#1 /var/www/yii/unixmen/protected/controllers/BookController.php(8): CActiveRecord->__call('findySql', Array)
#2 /var/www/yii/unixmen/protected/controllers/BookController.php(8): Book->findySql('huj')
#3 /var/www/yii/framework/web/actions/CInlineAction.php(49): BookController->actionIndex()
#4 /var/www/yii/framework/web/CController.php(308): CInlineAction->runWithParams(Array)
#5 /var/www/yii/framework/web/CController.php(286): CController->runAction(Object(CInlineAction))
#6 /var/www/yii/framework/web/CController.php(265): CController->runActionWithFilters(Object(CInlineAction), Array)
#7 /var/www/yii/framework/web/CWebApplication.php(282): CController->run('')
#8 /var/www/yii/framework/web/CWebApplication.php(141): CWebApplication->runController('Book')
#9 /var/www/yii/framework/base/CApplication.php(169): CWebApplication->processRequest()
#10 /var/www/yii/unixmen/index.php(13): CApplication->run()
#11 {main}
REQUEST_URI=/index.php?r=Book
---
2014/01/15 15:35:22 [error] [exception.CException] exception 'CException' with message 'Book and its behaviors do not have a method or closure named "findySql".' in /var/www/yii/framework/base/CComponent.php:265
Stack trace:
#0 /var/www/yii/framework/db/ar/CActiveRecord.php(225): CComponent->__call('findySql', Array)
#1 /var/www/yii/unixmen/protected/controllers/BookController.php(8): CActiveRecord->__call('findySql', Array)
#2 /var/www/yii/unixmen/protected/controllers/BookController.php(8): Book->findySql('huj')
#3 /var/www/yii/framework/web/actions/CInlineAction.php(49): BookController->actionIndex()
#4 /var/www/yii/framework/web/CController.php(308): CInlineAction->runWithParams(Array)
#5 /var/www/yii/framework/web/CController.php(286): CController->runAction(Object(CInlineAction))
#6 /var/www/yii/framework/web/CController.php(265): CController->runActionWithFilters(Object(CInlineAction), Array)
#7 /var/www/yii/framework/web/CWebApplication.php(282): CController->run('')
#8 /var/www/yii/framework/web/CWebApplication.php(141): CWebApplication->runController('Book')
#9 /var/www/yii/framework/base/CApplication.php(169): CWebApplication->processRequest()
#10 /var/www/yii/unixmen/index.php(13): CApplication->run()
#11 {main}
REQUEST_URI=/index.php?r=Book
---
2014/01/15 15:35:57 [error] [exception.CException] exception 'CException' with message 'Book and its behaviors do not have a method or closure named "findySql".' in /var/www/yii/framework/base/CComponent.php:265
Stack trace:
#0 /var/www/yii/framework/db/ar/CActiveRecord.php(225): CComponent->__call('findySql', Array)
#1 /var/www/yii/unixmen/protected/controllers/BookController.php(8): CActiveRecord->__call('findySql', Array)
#2 /var/www/yii/unixmen/protected/controllers/BookController.php(8): Book->findySql('huj')
#3 /var/www/yii/framework/web/actions/CInlineAction.php(49): BookController->actionIndex()
#4 /var/www/yii/framework/web/CController.php(308): CInlineAction->runWithParams(Array)
#5 /var/www/yii/framework/web/CController.php(286): CController->runAction(Object(CInlineAction))
#6 /var/www/yii/framework/web/CController.php(265): CController->runActionWithFilters(Object(CInlineAction), Array)
#7 /var/www/yii/framework/web/CWebApplication.php(282): CController->run('')
#8 /var/www/yii/framework/web/CWebApplication.php(141): CWebApplication->runController('Book')
#9 /var/www/yii/framework/base/CApplication.php(169): CWebApplication->processRequest()
#10 /var/www/yii/unixmen/index.php(13): CApplication->run()
#11 {main}
REQUEST_URI=/index.php?r=Book
---
2014/01/15 15:35:59 [error] [exception.CException] exception 'CException' with message 'Book and its behaviors do not have a method or closure named "findySql".' in /var/www/yii/framework/base/CComponent.php:265
Stack trace:
#0 /var/www/yii/framework/db/ar/CActiveRecord.php(225): CComponent->__call('findySql', Array)
#1 /var/www/yii/unixmen/protected/controllers/BookController.php(8): CActiveRecord->__call('findySql', Array)
#2 /var/www/yii/unixmen/protected/controllers/BookController.php(8): Book->findySql('huj')
#3 /var/www/yii/framework/web/actions/CInlineAction.php(49): BookController->actionIndex()
#4 /var/www/yii/framework/web/CController.php(308): CInlineAction->runWithParams(Array)
#5 /var/www/yii/framework/web/CController.php(286): CController->runAction(Object(CInlineAction))
#6 /var/www/yii/framework/web/CController.php(265): CController->runActionWithFilters(Object(CInlineAction), Array)
#7 /var/www/yii/framework/web/CWebApplication.php(282): CController->run('')
#8 /var/www/yii/framework/web/CWebApplication.php(141): CWebApplication->runController('Book')
#9 /var/www/yii/framework/base/CApplication.php(169): CWebApplication->processRequest()
#10 /var/www/yii/unixmen/index.php(13): CApplication->run()
#11 {main}
REQUEST_URI=/index.php?r=Book
---
2014/01/15 15:36:15 [error] [system.db.CDbCommand] CDbCommand::fetch() failed: SQLSTATE[42000]: Syntax error or access violation: 1064 You have an error in your SQL syntax; check the manual that corresponds to your MySQL server version for the right syntax to use near 'huj' at line 1. The SQL statement executed was: huj.
in /var/www/yii/unixmen/protected/controllers/BookController.php (8)
in /var/www/yii/unixmen/index.php (13)
2014/01/15 15:36:15 [error] [exception.CDbException] exception 'CDbException' with message 'CDbCommand failed to execute the SQL statement: SQLSTATE[42000]: Syntax error or access violation: 1064 You have an error in your SQL syntax; check the manual that corresponds to your MySQL server version for the right syntax to use near 'huj' at line 1. The SQL statement executed was: huj' in /var/www/yii/framework/db/CDbCommand.php:541
Stack trace:
#0 /var/www/yii/framework/db/CDbCommand.php(414): CDbCommand->queryInternal('fetch', Array, Array)
#1 /var/www/yii/framework/db/ar/CActiveRecord.php(1504): CDbCommand->queryRow()
#2 /var/www/yii/unixmen/protected/controllers/BookController.php(8): CActiveRecord->findBySql('huj')
#3 /var/www/yii/framework/web/actions/CInlineAction.php(49): BookController->actionIndex()
#4 /var/www/yii/framework/web/CController.php(308): CInlineAction->runWithParams(Array)
#5 /var/www/yii/framework/web/CController.php(286): CController->runAction(Object(CInlineAction))
#6 /var/www/yii/framework/web/CController.php(265): CController->runActionWithFilters(Object(CInlineAction), Array)
#7 /var/www/yii/framework/web/CWebApplication.php(282): CController->run('')
#8 /var/www/yii/framework/web/CWebApplication.php(141): CWebApplication->runController('Book')
#9 /var/www/yii/framework/base/CApplication.php(169): CWebApplication->processRequest()
#10 /var/www/yii/unixmen/index.php(13): CApplication->run()
#11 {main}
REQUEST_URI=/index.php?r=Book
---
2014/01/15 15:38:29 [error] [php] Trying to get property of non-object (/var/www/yii/unixmen/protected/controllers/BookController.php:14)
Stack trace:
#0 /var/www/yii/framework/web/CController.php(286): BookController->runAction()
#1 /var/www/yii/framework/web/CController.php(265): BookController->runActionWithFilters()
#2 /var/www/yii/framework/web/CWebApplication.php(282): BookController->run()
#3 /var/www/yii/framework/web/CWebApplication.php(141): CWebApplication->runController()
#4 /var/www/yii/framework/base/CApplication.php(169): CWebApplication->processRequest()
#5 /var/www/yii/unixmen/index.php(13): CWebApplication->run()
REQUEST_URI=/index.php?r=Book
in /var/www/yii/unixmen/protected/controllers/BookController.php (14)
in /var/www/yii/unixmen/index.php (13)
2014/01/15 15:38:50 [error] [php] Object of class Book could not be converted to string (/var/www/yii/unixmen/protected/controllers/BookController.php:14)
Stack trace:
#0 /var/www/yii/framework/web/CController.php(286): BookController->runAction()
#1 /var/www/yii/framework/web/CController.php(265): BookController->runActionWithFilters()
#2 /var/www/yii/framework/web/CWebApplication.php(282): BookController->run()
#3 /var/www/yii/framework/web/CWebApplication.php(141): CWebApplication->runController()
#4 /var/www/yii/framework/base/CApplication.php(169): CWebApplication->processRequest()
#5 /var/www/yii/unixmen/index.php(13): CWebApplication->run()
REQUEST_URI=/index.php?r=Book
in /var/www/yii/unixmen/protected/controllers/BookController.php (14)
in /var/www/yii/unixmen/index.php (13)
2014/01/15 15:38:58 [error] [php] Object of class Book could not be converted to string (/var/www/yii/unixmen/protected/controllers/BookController.php:14)
Stack trace:
#0 /var/www/yii/framework/web/CController.php(286): BookController->runAction()
#1 /var/www/yii/framework/web/CController.php(265): BookController->runActionWithFilters()
#2 /var/www/yii/framework/web/CWebApplication.php(282): BookController->run()
#3 /var/www/yii/framework/web/CWebApplication.php(141): CWebApplication->runController()
#4 /var/www/yii/framework/base/CApplication.php(169): CWebApplication->processRequest()
#5 /var/www/yii/unixmen/index.php(13): CWebApplication->run()
REQUEST_URI=/index.php?r=Book
in /var/www/yii/unixmen/protected/controllers/BookController.php (14)
in /var/www/yii/unixmen/index.php (13)
2014/01/15 15:57:19 [error] [exception.CException] exception 'CException' with message 'Property "CDbCriteria.img" is not defined.' in /var/www/yii/framework/base/CComponent.php:173
Stack trace:
#0 /var/www/yii/framework/db/schema/CDbCriteria.php(160): CComponent->__set('img', 'jabany iamges')
#1 /var/www/yii/framework/db/schema/CDbCommandBuilder.php(483): CDbCriteria->__construct(Array)
#2 /var/www/yii/framework/db/ar/CActiveRecord.php(1707): CDbCommandBuilder->createCriteria(Array, Array)
#3 /var/www/yii/unixmen/protected/controllers/BookController.php(8): CActiveRecord->updateAll(Array, Array)
#4 /var/www/yii/framework/web/actions/CInlineAction.php(49): BookController->actionIndex()
#5 /var/www/yii/framework/web/CController.php(308): CInlineAction->runWithParams(Array)
#6 /var/www/yii/framework/web/CController.php(286): CController->runAction(Object(CInlineAction))
#7 /var/www/yii/framework/web/CController.php(265): CController->runActionWithFilters(Object(CInlineAction), Array)
#8 /var/www/yii/framework/web/CWebApplication.php(282): CController->run('')
#9 /var/www/yii/framework/web/CWebApplication.php(141): CWebApplication->runController('Book')
#10 /var/www/yii/framework/base/CApplication.php(169): CWebApplication->processRequest()
#11 /var/www/yii/unixmen/index.php(13): CApplication->run()
#12 {main}
REQUEST_URI=/index.php?r=Book
---
2014/01/16 12:17:31 [error] [php] Use of undefined constant model - assumed 'model' (/var/www/yii/unixmen/protected/views/book/index.php:2)
Stack trace:
#0 /var/www/yii/framework/web/CController.php(869): BookController->renderFile()
#1 /var/www/yii/framework/web/CController.php(782): BookController->renderPartial()
#2 /var/www/yii/unixmen/protected/controllers/BookController.php(8): BookController->render()
#3 /var/www/yii/framework/web/actions/CInlineAction.php(49): BookController->actionIndex()
#4 /var/www/yii/framework/web/CController.php(308): CInlineAction->runWithParams()
#5 /var/www/yii/framework/web/CController.php(286): BookController->runAction()
#6 /var/www/yii/framework/web/CController.php(265): BookController->runActionWithFilters()
#7 /var/www/yii/framework/web/CWebApplication.php(282): BookController->run()
#8 /var/www/yii/framework/web/CWebApplication.php(141): CWebApplication->runController()
#9 /var/www/yii/framework/base/CApplication.php(169): CWebApplication->processRequest()
#10 /var/www/yii/unixmen/index.php(13): CWebApplication->run()
REQUEST_URI=/index.php?r=Book
in /var/www/yii/unixmen/protected/views/book/index.php (2)
in /var/www/yii/unixmen/protected/controllers/BookController.php (8)
in /var/www/yii/unixmen/index.php (13)
2014/01/16 12:35:47 [error] [php] Object of class Book could not be converted to string (/var/www/yii/unixmen/protected/views/book/index.php:2)
Stack trace:
#0 /var/www/yii/framework/web/CController.php(869): BookController->renderFile()
#1 /var/www/yii/framework/web/CController.php(782): BookController->renderPartial()
#2 /var/www/yii/unixmen/protected/controllers/BookController.php(9): BookController->render()
#3 /var/www/yii/framework/web/actions/CInlineAction.php(49): BookController->actionIndex()
#4 /var/www/yii/framework/web/CController.php(308): CInlineAction->runWithParams()
#5 /var/www/yii/framework/web/CController.php(286): BookController->runAction()
#6 /var/www/yii/framework/web/CController.php(265): BookController->runActionWithFilters()
#7 /var/www/yii/framework/web/CWebApplication.php(282): BookController->run()
#8 /var/www/yii/framework/web/CWebApplication.php(141): CWebApplication->runController()
#9 /var/www/yii/framework/base/CApplication.php(169): CWebApplication->processRequest()
#10 /var/www/yii/unixmen/index.php(13): CWebApplication->run()
REQUEST_URI=/index.php?r=Book/index&id=1
in /var/www/yii/unixmen/protected/views/book/index.php (2)
in /var/www/yii/unixmen/protected/controllers/BookController.php (9)
in /var/www/yii/unixmen/index.php (13)
2014/01/16 12:36:05 [error] [php] Object of class Book could not be converted to string (/var/www/yii/unixmen/protected/views/book/index.php:2)
Stack trace:
#0 /var/www/yii/framework/web/CController.php(869): BookController->renderFile()
#1 /var/www/yii/framework/web/CController.php(782): BookController->renderPartial()
#2 /var/www/yii/unixmen/protected/controllers/BookController.php(9): BookController->render()
#3 /var/www/yii/framework/web/actions/CInlineAction.php(49): BookController->actionIndex()
#4 /var/www/yii/framework/web/CController.php(308): CInlineAction->runWithParams()
#5 /var/www/yii/framework/web/CController.php(286): BookController->runAction()
#6 /var/www/yii/framework/web/CController.php(265): BookController->runActionWithFilters()
#7 /var/www/yii/framework/web/CWebApplication.php(282): BookController->run()
#8 /var/www/yii/framework/web/CWebApplication.php(141): CWebApplication->runController()
#9 /var/www/yii/framework/base/CApplication.php(169): CWebApplication->processRequest()
#10 /var/www/yii/unixmen/index.php(13): CWebApplication->run()
REQUEST_URI=/index.php?r=Book/index&id=1
in /var/www/yii/unixmen/protected/views/book/index.php (2)
in /var/www/yii/unixmen/protected/controllers/BookController.php (9)
in /var/www/yii/unixmen/index.php (13)
2014/01/16 12:38:31 [error] [php] Trying to get property of non-object (/var/www/yii/unixmen/protected/views/book/index.php:2)
Stack trace:
#0 /var/www/yii/framework/web/CController.php(869): BookController->renderFile()
#1 /var/www/yii/framework/web/CController.php(782): BookController->renderPartial()
#2 /var/www/yii/unixmen/protected/controllers/BookController.php(9): BookController->render()
#3 unknown(0): BookController->actionIndex()
#4 /var/www/yii/framework/web/actions/CAction.php(108): ReflectionMethod->invokeArgs()
#5 /var/www/yii/framework/web/actions/CInlineAction.php(47): CInlineAction->runWithParamsInternal()
#6 /var/www/yii/framework/web/CController.php(308): CInlineAction->runWithParams()
#7 /var/www/yii/framework/web/CController.php(286): BookController->runAction()
#8 /var/www/yii/framework/web/CController.php(265): BookController->runActionWithFilters()
#9 /var/www/yii/framework/web/CWebApplication.php(282): BookController->run()
#10 /var/www/yii/framework/web/CWebApplication.php(141): CWebApplication->runController()
#11 /var/www/yii/framework/base/CApplication.php(169): CWebApplication->processRequest()
#12 /var/www/yii/unixmen/index.php(13): CWebApplication->run()
REQUEST_URI=/index.php?r=Book/index&id=40
in /var/www/yii/unixmen/protected/views/book/index.php (2)
in /var/www/yii/unixmen/protected/controllers/BookController.php (9)
in /var/www/yii/unixmen/index.php (13)
2014/01/16 12:39:16 [error] [exception.CHttpException.400] exception 'CHttpException' with message 'Your request is invalid.' in /var/www/yii/framework/web/CController.php:336
Stack trace:
#0 /var/www/yii/framework/web/CController.php(309): CController->invalidActionParams(Object(CInlineAction))
#1 /var/www/yii/framework/web/CController.php(286): CController->runAction(Object(CInlineAction))
#2 /var/www/yii/framework/web/CController.php(265): CController->runActionWithFilters(Object(CInlineAction), Array)
#3 /var/www/yii/framework/web/CWebApplication.php(282): CController->run('index')
#4 /var/www/yii/framework/web/CWebApplication.php(141): CWebApplication->runController('Book/index')
#5 /var/www/yii/framework/base/CApplication.php(169): CWebApplication->processRequest()
#6 /var/www/yii/unixmen/index.php(13): CApplication->run()
#7 {main}
REQUEST_URI=/index.php?r=Book/index
---
2014/01/16 12:39:24 [error] [php] Trying to get property of non-object (/var/www/yii/unixmen/protected/views/book/index.php:2)
Stack trace:
#0 /var/www/yii/framework/web/CController.php(869): BookController->renderFile()
#1 /var/www/yii/framework/web/CController.php(782): BookController->renderPartial()
#2 /var/www/yii/unixmen/protected/controllers/BookController.php(9): BookController->render()
#3 unknown(0): BookController->actionIndex()
#4 /var/www/yii/framework/web/actions/CAction.php(108): ReflectionMethod->invokeArgs()
#5 /var/www/yii/framework/web/actions/CInlineAction.php(47): CInlineAction->runWithParamsInternal()
#6 /var/www/yii/framework/web/CController.php(308): CInlineAction->runWithParams()
#7 /var/www/yii/framework/web/CController.php(286): BookController->runAction()
#8 /var/www/yii/framework/web/CController.php(265): BookController->runActionWithFilters()
#9 /var/www/yii/framework/web/CWebApplication.php(282): BookController->run()
#10 /var/www/yii/framework/web/CWebApplication.php(141): CWebApplication->runController()
#11 /var/www/yii/framework/base/CApplication.php(169): CWebApplication->processRequest()
#12 /var/www/yii/unixmen/index.php(13): CWebApplication->run()
REQUEST_URI=/index.php?r=Book/index&id=6
in /var/www/yii/unixmen/protected/views/book/index.php (2)
in /var/www/yii/unixmen/protected/controllers/BookController.php (9)
in /var/www/yii/unixmen/index.php (13)
2014/01/17 11:31:06 [error] [exception.CHttpException.404] exception 'CHttpException' with message 'The system is unable to find the requested action "index".' in /var/www/yii/framework/web/CController.php:483
Stack trace:
#0 /var/www/yii/framework/web/CController.php(270): CController->missingAction('')
#1 /var/www/yii/framework/web/CWebApplication.php(282): CController->run('')
#2 /var/www/yii/framework/web/CWebApplication.php(141): CWebApplication->runController('my')
#3 /var/www/yii/framework/base/CApplication.php(169): CWebApplication->processRequest()
#4 /var/www/yii/unixmen/index.php(13): CApplication->run()
#5 {main}
REQUEST_URI=/index.php?r=my
---
2014/01/17 11:40:14 [error] [php] Undefined variable: model (/var/www/yii/unixmen/protected/views/my/one.php:2)
Stack trace:
#0 /var/www/yii/framework/web/CController.php(869): MyController->renderFile()
#1 /var/www/yii/framework/web/CController.php(782): MyController->renderPartial()
#2 /var/www/yii/unixmen/protected/controllers/MyController.php(11): MyController->render()
#3 /var/www/yii/framework/web/actions/CInlineAction.php(49): MyController->actionOne()
#4 /var/www/yii/framework/web/CController.php(308): CInlineAction->runWithParams()
#5 /var/www/yii/framework/web/CController.php(286): MyController->runAction()
#6 /var/www/yii/framework/web/CController.php(265): MyController->runActionWithFilters()
#7 /var/www/yii/framework/web/CWebApplication.php(282): MyController->run()
#8 /var/www/yii/framework/web/CWebApplication.php(141): CWebApplication->runController()
#9 /var/www/yii/framework/base/CApplication.php(169): CWebApplication->processRequest()
#10 /var/www/yii/unixmen/index.php(13): CWebApplication->run()
REQUEST_URI=/index.php?r=my
in /var/www/yii/unixmen/protected/views/my/one.php (2)
in /var/www/yii/unixmen/protected/controllers/MyController.php (11)
in /var/www/yii/unixmen/index.php (13)
2014/01/17 11:40:37 [error] [php] Undefined variable: vlue (/var/www/yii/unixmen/protected/views/my/one.php:3)
Stack trace:
#0 /var/www/yii/framework/web/CController.php(869): MyController->renderFile()
#1 /var/www/yii/framework/web/CController.php(782): MyController->renderPartial()
#2 /var/www/yii/unixmen/protected/controllers/MyController.php(11): MyController->render()
#3 /var/www/yii/framework/web/actions/CInlineAction.php(49): MyController->actionOne()
#4 /var/www/yii/framework/web/CController.php(308): CInlineAction->runWithParams()
#5 /var/www/yii/framework/web/CController.php(286): MyController->runAction()
#6 /var/www/yii/framework/web/CController.php(265): MyController->runActionWithFilters()
#7 /var/www/yii/framework/web/CWebApplication.php(282): MyController->run()
#8 /var/www/yii/framework/web/CWebApplication.php(141): CWebApplication->runController()
#9 /var/www/yii/framework/base/CApplication.php(169): CWebApplication->processRequest()
#10 /var/www/yii/unixmen/index.php(13): CWebApplication->run()
REQUEST_URI=/index.php?r=my
in /var/www/yii/unixmen/protected/views/my/one.php (3)
in /var/www/yii/unixmen/protected/controllers/MyController.php (11)
in /var/www/yii/unixmen/index.php (13)
2014/01/17 12:20:13 [error] [php] Undefined variable: model (/var/www/yii/unixmen/protected/views/my/one.php:6)
Stack trace:
#0 /var/www/yii/framework/web/CController.php(869): MyController->renderFile()
#1 /var/www/yii/framework/web/CController.php(782): MyController->renderPartial()
#2 /var/www/yii/unixmen/protected/controllers/MyController.php(11): MyController->render()
#3 /var/www/yii/framework/web/actions/CInlineAction.php(49): MyController->actionOne()
#4 /var/www/yii/framework/web/CController.php(308): CInlineAction->runWithParams()
#5 /var/www/yii/framework/web/CController.php(286): MyController->runAction()
#6 /var/www/yii/framework/web/CController.php(265): MyController->runActionWithFilters()
#7 /var/www/yii/framework/web/CWebApplication.php(282): MyController->run()
#8 /var/www/yii/framework/web/CWebApplication.php(141): CWebApplication->runController()
#9 /var/www/yii/framework/base/CApplication.php(169): CWebApplication->processRequest()
#10 /var/www/yii/unixmen/index.php(13): CWebApplication->run()
REQUEST_URI=/index.php?r=my
in /var/www/yii/unixmen/protected/views/my/one.php (6)
in /var/www/yii/unixmen/protected/controllers/MyController.php (11)
in /var/www/yii/unixmen/index.php (13)
2014/01/17 12:20:30 [error] [php] Trying to get property of non-object (/var/www/yii/unixmen/protected/views/my/one.php:6)
Stack trace:
#0 /var/www/yii/framework/web/CController.php(869): MyController->renderFile()
#1 /var/www/yii/framework/web/CController.php(782): MyController->renderPartial()
#2 /var/www/yii/unixmen/protected/controllers/MyController.php(11): MyController->render()
#3 /var/www/yii/framework/web/actions/CInlineAction.php(49): MyController->actionOne()
#4 /var/www/yii/framework/web/CController.php(308): CInlineAction->runWithParams()
#5 /var/www/yii/framework/web/CController.php(286): MyController->runAction()
#6 /var/www/yii/framework/web/CController.php(265): MyController->runActionWithFilters()
#7 /var/www/yii/framework/web/CWebApplication.php(282): MyController->run()
#8 /var/www/yii/framework/web/CWebApplication.php(141): CWebApplication->runController()
#9 /var/www/yii/framework/base/CApplication.php(169): CWebApplication->processRequest()
#10 /var/www/yii/unixmen/index.php(13): CWebApplication->run()
REQUEST_URI=/index.php?r=my
in /var/www/yii/unixmen/protected/views/my/one.php (6)
in /var/www/yii/unixmen/protected/controllers/MyController.php (11)
in /var/www/yii/unixmen/index.php (13)
2014/01/17 12:42:55 [error] [exception.CException] exception 'CException' with message 'MyController cannot find the requested view "part/_part.php".' in /var/www/yii/framework/web/CController.php:878
Stack trace:
#0 /var/www/yii/unixmen/protected/views/my/one.php(10): CController->renderPartial('part/_part.php', Array)
#1 /var/www/yii/framework/web/CBaseController.php(126): require('/var/www/yii/un...')
#2 /var/www/yii/framework/web/CBaseController.php(95): CBaseController->renderInternal('/var/www/yii/un...', Array, true)
#3 /var/www/yii/framework/web/CController.php(869): CBaseController->renderFile('/var/www/yii/un...', Array, true)
#4 /var/www/yii/framework/web/CController.php(782): CController->renderPartial('one', Array, true)
#5 /var/www/yii/unixmen/protected/controllers/MyController.php(11): CController->render('one', Array)
#6 /var/www/yii/framework/web/actions/CInlineAction.php(49): MyController->actionOne()
#7 /var/www/yii/framework/web/CController.php(308): CInlineAction->runWithParams(Array)
#8 /var/www/yii/framework/web/CController.php(286): CController->runAction(Object(CInlineAction))
#9 /var/www/yii/framework/web/CController.php(265): CController->runActionWithFilters(Object(CInlineAction), Array)
#10 /var/www/yii/framework/web/CWebApplication.php(282): CController->run('')
#11 /var/www/yii/framework/web/CWebApplication.php(141): CWebApplication->runController('my')
#12 /var/www/yii/framework/base/CApplication.php(169): CWebApplication->processRequest()
#13 /var/www/yii/unixmen/index.php(13): CApplication->run()
#14 {main}
REQUEST_URI=/index.php?r=my
---
2014/01/17 12:43:40 [error] [exception.CException] exception 'CException' with message 'MyController cannot find the requested view "/part/_part.php".' in /var/www/yii/framework/web/CController.php:878
Stack trace:
#0 /var/www/yii/unixmen/protected/views/my/one.php(10): CController->renderPartial('/part/_part.php', Array)
#1 /var/www/yii/framework/web/CBaseController.php(126): require('/var/www/yii/un...')
#2 /var/www/yii/framework/web/CBaseController.php(95): CBaseController->renderInternal('/var/www/yii/un...', Array, true)
#3 /var/www/yii/framework/web/CController.php(869): CBaseController->renderFile('/var/www/yii/un...', Array, true)
#4 /var/www/yii/framework/web/CController.php(782): CController->renderPartial('one', Array, true)
#5 /var/www/yii/unixmen/protected/controllers/MyController.php(11): CController->render('one', Array)
#6 /var/www/yii/framework/web/actions/CInlineAction.php(49): MyController->actionOne()
#7 /var/www/yii/framework/web/CController.php(308): CInlineAction->runWithParams(Array)
#8 /var/www/yii/framework/web/CController.php(286): CController->runAction(Object(CInlineAction))
#9 /var/www/yii/framework/web/CController.php(265): CController->runActionWithFilters(Object(CInlineAction), Array)
#10 /var/www/yii/framework/web/CWebApplication.php(282): CController->run('')
#11 /var/www/yii/framework/web/CWebApplication.php(141): CWebApplication->runController('my')
#12 /var/www/yii/framework/base/CApplication.php(169): CWebApplication->processRequest()
#13 /var/www/yii/unixmen/index.php(13): CApplication->run()
#14 {main}
REQUEST_URI=/index.php?r=my
---
2014/01/17 12:44:39 [error] [exception.CException] exception 'CException' with message 'MyController cannot find the requested view "/part/_part.php".' in /var/www/yii/framework/web/CController.php:878
Stack trace:
#0 /var/www/yii/unixmen/protected/views/my/one.php(10): CController->renderPartial('/part/_part.php', Array)
#1 /var/www/yii/framework/web/CBaseController.php(126): require('/var/www/yii/un...')
#2 /var/www/yii/framework/web/CBaseController.php(95): CBaseController->renderInternal('/var/www/yii/un...', Array, true)
#3 /var/www/yii/framework/web/CController.php(869): CBaseController->renderFile('/var/www/yii/un...', Array, true)
#4 /var/www/yii/framework/web/CController.php(782): CController->renderPartial('one', Array, true)
#5 /var/www/yii/unixmen/protected/controllers/MyController.php(11): CController->render('one', Array)
#6 /var/www/yii/framework/web/actions/CInlineAction.php(49): MyController->actionOne()
#7 /var/www/yii/framework/web/CController.php(308): CInlineAction->runWithParams(Array)
#8 /var/www/yii/framework/web/CController.php(286): CController->runAction(Object(CInlineAction))
#9 /var/www/yii/framework/web/CController.php(265): CController->runActionWithFilters(Object(CInlineAction), Array)
#10 /var/www/yii/framework/web/CWebApplication.php(282): CController->run('')
#11 /var/www/yii/framework/web/CWebApplication.php(141): CWebApplication->runController('my')
#12 /var/www/yii/framework/base/CApplication.php(169): CWebApplication->processRequest()
#13 /var/www/yii/unixmen/index.php(13): CApplication->run()
#14 {main}
REQUEST_URI=/index.php?r=my
---
2014/01/17 12:47:14 [error] [exception.CException] exception 'CException' with message 'MyController cannot find the requested view "/part/_part.php".' in /var/www/yii/framework/web/CController.php:878
Stack trace:
#0 /var/www/yii/unixmen/protected/views/my/one.php(10): CController->renderPartial('/part/_part.php', Array)
#1 /var/www/yii/framework/web/CBaseController.php(126): require('/var/www/yii/un...')
#2 /var/www/yii/framework/web/CBaseController.php(95): CBaseController->renderInternal('/var/www/yii/un...', Array, true)
#3 /var/www/yii/framework/web/CController.php(869): CBaseController->renderFile('/var/www/yii/un...', Array, true)
#4 /var/www/yii/framework/web/CController.php(782): CController->renderPartial('one', Array, true)
#5 /var/www/yii/unixmen/protected/controllers/MyController.php(11): CController->render('one', Array)
#6 /var/www/yii/framework/web/actions/CInlineAction.php(49): MyController->actionOne()
#7 /var/www/yii/framework/web/CController.php(308): CInlineAction->runWithParams(Array)
#8 /var/www/yii/framework/web/CController.php(286): CController->runAction(Object(CInlineAction))
#9 /var/www/yii/framework/web/CController.php(265): CController->runActionWithFilters(Object(CInlineAction), Array)
#10 /var/www/yii/framework/web/CWebApplication.php(282): CController->run('')
#11 /var/www/yii/framework/web/CWebApplication.php(141): CWebApplication->runController('my')
#12 /var/www/yii/framework/base/CApplication.php(169): CWebApplication->processRequest()
#13 /var/www/yii/unixmen/index.php(13): CApplication->run()
#14 {main}
REQUEST_URI=/index.php?r=my
---
2014/01/17 12:47:16 [error] [exception.CException] exception 'CException' with message 'MyController cannot find the requested view "/part/_part.php".' in /var/www/yii/framework/web/CController.php:878
Stack trace:
#0 /var/www/yii/unixmen/protected/views/my/one.php(10): CController->renderPartial('/part/_part.php', Array)
#1 /var/www/yii/framework/web/CBaseController.php(126): require('/var/www/yii/un...')
#2 /var/www/yii/framework/web/CBaseController.php(95): CBaseController->renderInternal('/var/www/yii/un...', Array, true)
#3 /var/www/yii/framework/web/CController.php(869): CBaseController->renderFile('/var/www/yii/un...', Array, true)
#4 /var/www/yii/framework/web/CController.php(782): CController->renderPartial('one', Array, true)
#5 /var/www/yii/unixmen/protected/controllers/MyController.php(11): CController->render('one', Array)
#6 /var/www/yii/framework/web/actions/CInlineAction.php(49): MyController->actionOne()
#7 /var/www/yii/framework/web/CController.php(308): CInlineAction->runWithParams(Array)
#8 /var/www/yii/framework/web/CController.php(286): CController->runAction(Object(CInlineAction))
#9 /var/www/yii/framework/web/CController.php(265): CController->runActionWithFilters(Object(CInlineAction), Array)
#10 /var/www/yii/framework/web/CWebApplication.php(282): CController->run('')
#11 /var/www/yii/framework/web/CWebApplication.php(141): CWebApplication->runController('my')
#12 /var/www/yii/framework/base/CApplication.php(169): CWebApplication->processRequest()
#13 /var/www/yii/unixmen/index.php(13): CApplication->run()
#14 {main}
REQUEST_URI=/index.php?r=my
---
2014/01/17 14:52:31 [error] [php] Missing argument 1 for CHtml::image(), called in /var/www/yii/unixmen/protected/views/part/_part.php on line 13 and defined (/var/www/yii/framework/web/helpers/CHtml.php:422)
Stack trace:
#0 /var/www/yii/framework/web/CBaseController.php(95): MyController->renderInternal()
#1 /var/www/yii/framework/web/CController.php(869): MyController->renderFile()
#2 /var/www/yii/unixmen/protected/views/my/one.php(10): MyController->renderPartial()
#3 /var/www/yii/framework/web/CBaseController.php(126): require()
#4 /var/www/yii/framework/web/CBaseController.php(95): MyController->renderInternal()
#5 /var/www/yii/framework/web/CController.php(869): MyController->renderFile()
#6 /var/www/yii/framework/web/CController.php(782): MyController->renderPartial()
#7 /var/www/yii/unixmen/protected/controllers/MyController.php(11): MyController->render()
#8 /var/www/yii/framework/web/actions/CInlineAction.php(49): MyController->actionOne()
#9 /var/www/yii/framework/web/CController.php(308): CInlineAction->runWithParams()
#10 /var/www/yii/framework/web/CController.php(286): MyController->runAction()
#11 /var/www/yii/framework/web/CController.php(265): MyController->runActionWithFilters()
#12 /var/www/yii/framework/web/CWebApplication.php(282): MyController->run()
#13 /var/www/yii/framework/web/CWebApplication.php(141): CWebApplication->runController()
#14 /var/www/yii/framework/base/CApplication.php(169): CWebApplication->processRequest()
#15 /var/www/yii/unixmen/index.php(13): CWebApplication->run()
REQUEST_URI=/index.php?r=my
in /var/www/yii/unixmen/protected/views/part/_part.php (13)
in /var/www/yii/unixmen/protected/views/my/one.php (10)
in /var/www/yii/unixmen/protected/controllers/MyController.php (11)
2014/01/17 15:14:28 [error] [exception.CException] exception 'CException' with message 'Property "CListView.sortabeAttributes" is not defined.' in /var/www/yii/framework/base/CComponent.php:173
Stack trace:
#0 /var/www/yii/framework/web/CWidgetFactory.php(161): CComponent->__set('sortabeAttribut...', Array)
#1 /var/www/yii/framework/web/CBaseController.php(146): CWidgetFactory->createWidget(Object(PageController), 'zii.widgets.CLi...', Array)
#2 /var/www/yii/framework/web/CBaseController.php(172): CBaseController->createWidget('zii.widgets.CLi...', Array)
#3 /var/www/yii/unixmen/protected/views/page/index.php(23): CBaseController->widget('zii.widgets.CLi...', Array)
#4 /var/www/yii/framework/web/CBaseController.php(126): require('/var/www/yii/un...')
#5 /var/www/yii/framework/web/CBaseController.php(95): CBaseController->renderInternal('/var/www/yii/un...', Array, true)
#6 /var/www/yii/framework/web/CController.php(869): CBaseController->renderFile('/var/www/yii/un...', Array, true)
#7 /var/www/yii/framework/web/CController.php(782): CController->renderPartial('index', Array, true)
#8 /var/www/yii/unixmen/protected/controllers/PageController.php(139): CController->render('index', Array)
#9 /var/www/yii/framework/web/actions/CInlineAction.php(49): PageController->actionIndex()
#10 /var/www/yii/framework/web/CController.php(308): CInlineAction->runWithParams(Array)
#11 /var/www/yii/framework/web/filters/CFilterChain.php(133): CController->runAction(Object(CInlineAction))
#12 /var/www/yii/framework/web/filters/CFilter.php(40): CFilterChain->run()
#13 /var/www/yii/framework/web/CController.php(1145): CFilter->filter(Object(CFilterChain))
#14 /var/www/yii/framework/web/filters/CInlineFilter.php(58): CController->filterAccessControl(Object(CFilterChain))
#15 /var/www/yii/framework/web/filters/CFilterChain.php(130): CInlineFilter->filter(Object(CFilterChain))
#16 /var/www/yii/framework/web/CController.php(291): CFilterChain->run()
#17 /var/www/yii/framework/web/CController.php(265): CController->runActionWithFilters(Object(CInlineAction), Array)
#18 /var/www/yii/framework/web/CWebApplication.php(282): CController->run('')
#19 /var/www/yii/framework/web/CWebApplication.php(141): CWebApplication->runController('page')
#20 /var/www/yii/framework/base/CApplication.php(169): CWebApplication->processRequest()
#21 /var/www/yii/unixmen/index.php(13): CApplication->run()
#22 {main}
REQUEST_URI=/index.php?r=page
---
2014/01/17 15:57:57 [error] [exception.CException] exception 'CException' with message 'Property "CGridView.selecttableRows" is not defined.' in /var/www/yii/framework/base/CComponent.php:173
Stack trace:
#0 /var/www/yii/framework/web/CWidgetFactory.php(161): CComponent->__set('selecttableRows', 2)
#1 /var/www/yii/framework/web/CBaseController.php(146): CWidgetFactory->createWidget(Object(PageController), 'zii.widgets.gri...', Array)
#2 /var/www/yii/framework/web/CBaseController.php(172): CBaseController->createWidget('zii.widgets.gri...', Array)
#3 /var/www/yii/unixmen/protected/views/page/admin.php(60): CBaseController->widget('zii.widgets.gri...', Array)
#4 /var/www/yii/framework/web/CBaseController.php(126): require('/var/www/yii/un...')
#5 /var/www/yii/framework/web/CBaseController.php(95): CBaseController->renderInternal('/var/www/yii/un...', Array, true)
#6 /var/www/yii/framework/web/CController.php(869): CBaseController->renderFile('/var/www/yii/un...', Array, true)
#7 /var/www/yii/framework/web/CController.php(782): CController->renderPartial('admin', Array, true)
#8 /var/www/yii/unixmen/protected/controllers/PageController.php(154): CController->render('admin', Array)
#9 /var/www/yii/framework/web/actions/CInlineAction.php(49): PageController->actionAdmin()
#10 /var/www/yii/framework/web/CController.php(308): CInlineAction->runWithParams(Array)
#11 /var/www/yii/framework/web/filters/CFilterChain.php(133): CController->runAction(Object(CInlineAction))
#12 /var/www/yii/framework/web/filters/CFilter.php(40): CFilterChain->run()
#13 /var/www/yii/framework/web/CController.php(1145): CFilter->filter(Object(CFilterChain))
#14 /var/www/yii/framework/web/filters/CInlineFilter.php(58): CController->filterAccessControl(Object(CFilterChain))
#15 /var/www/yii/framework/web/filters/CFilterChain.php(130): CInlineFilter->filter(Object(CFilterChain))
#16 /var/www/yii/framework/web/CController.php(291): CFilterChain->run()
#17 /var/www/yii/framework/web/CController.php(265): CController->runActionWithFilters(Object(CInlineAction), Array)
#18 /var/www/yii/framework/web/CWebApplication.php(282): CController->run('admin')
#19 /var/www/yii/framework/web/CWebApplication.php(141): CWebApplication->runController('page/admin')
#20 /var/www/yii/framework/base/CApplication.php(169): CWebApplication->processRequest()
#21 /var/www/yii/unixmen/index.php(13): CApplication->run()
#22 {main}
REQUEST_URI=/index.php?r=page/admin
---
2014/01/17 15:58:06 [error] [exception.CException] exception 'CException' with message 'Property "CGridView.selectTableRows" is not defined.' in /var/www/yii/framework/base/CComponent.php:173
Stack trace:
#0 /var/www/yii/framework/web/CWidgetFactory.php(161): CComponent->__set('selectTableRows', 2)
#1 /var/www/yii/framework/web/CBaseController.php(146): CWidgetFactory->createWidget(Object(PageController), 'zii.widgets.gri...', Array)
#2 /var/www/yii/framework/web/CBaseController.php(172): CBaseController->createWidget('zii.widgets.gri...', Array)
#3 /var/www/yii/unixmen/protected/views/page/admin.php(60): CBaseController->widget('zii.widgets.gri...', Array)
#4 /var/www/yii/framework/web/CBaseController.php(126): require('/var/www/yii/un...')
#5 /var/www/yii/framework/web/CBaseController.php(95): CBaseController->renderInternal('/var/www/yii/un...', Array, true)
#6 /var/www/yii/framework/web/CController.php(869): CBaseController->renderFile('/var/www/yii/un...', Array, true)
#7 /var/www/yii/framework/web/CController.php(782): CController->renderPartial('admin', Array, true)
#8 /var/www/yii/unixmen/protected/controllers/PageController.php(154): CController->render('admin', Array)
#9 /var/www/yii/framework/web/actions/CInlineAction.php(49): PageController->actionAdmin()
#10 /var/www/yii/framework/web/CController.php(308): CInlineAction->runWithParams(Array)
#11 /var/www/yii/framework/web/filters/CFilterChain.php(133): CController->runAction(Object(CInlineAction))
#12 /var/www/yii/framework/web/filters/CFilter.php(40): CFilterChain->run()
#13 /var/www/yii/framework/web/CController.php(1145): CFilter->filter(Object(CFilterChain))
#14 /var/www/yii/framework/web/filters/CInlineFilter.php(58): CController->filterAccessControl(Object(CFilterChain))
#15 /var/www/yii/framework/web/filters/CFilterChain.php(130): CInlineFilter->filter(Object(CFilterChain))
#16 /var/www/yii/framework/web/CController.php(291): CFilterChain->run()
#17 /var/www/yii/framework/web/CController.php(265): CController->runActionWithFilters(Object(CInlineAction), Array)
#18 /var/www/yii/framework/web/CWebApplication.php(282): CController->run('admin')
#19 /var/www/yii/framework/web/CWebApplication.php(141): CWebApplication->runController('page/admin')
#20 /var/www/yii/framework/base/CApplication.php(169): CWebApplication->processRequest()
#21 /var/www/yii/unixmen/index.php(13): CApplication->run()
#22 {main}
REQUEST_URI=/index.php?r=page/admin
---
2014/01/20 11:13:51 [error] [system.db.CDbCommand] CDbCommand::fetchAll() failed: SQLSTATE[42S02]: Base table or view not found: 1146 Table 'yii.o_categoriesries' doesn't exist. The SQL statement executed was: SHOW FULL COLUMNS FROM `o_categoriesries`.
in /var/www/yii/unixmen/index.php (13)
2014/01/20 11:51:38 [error] [exception.CHttpException.404] exception 'CHttpException' with message 'Unable to resolve the request "category".' in /var/www/yii/framework/web/CWebApplication.php:286
Stack trace:
#0 /var/www/yii/framework/web/CWebApplication.php(141): CWebApplication->runController('category')
#1 /var/www/yii/framework/base/CApplication.php(169): CWebApplication->processRequest()
#2 /var/www/yii/unixmen/index.php(13): CApplication->run()
#3 {main}
REQUEST_URI=/index.php?r=category
---
2014/01/20 14:52:01 [error] [system.db.CDbCommand] CDbCommand::execute() failed: SQLSTATE[42000]: Syntax error or access violation: 1064 You have an error in your SQL syntax; check the manual that corresponds to your MySQL server version for the right syntax to use near '{id, title, text} VALUES (`121`,`huetajtal`,`huetext` )' at line 1. The SQL statement executed was: INSERT INTO o_page {id, title, text} VALUES (`121`,`huetajtal`,`huetext` ).
in /var/www/yii/unixmen/protected/controllers/SiteController.php (36)
in /var/www/yii/unixmen/index.php (13)
2014/01/20 14:52:01 [error] [exception.CDbException] exception 'CDbException' with message 'CDbCommand failed to execute the SQL statement: SQLSTATE[42000]: Syntax error or access violation: 1064 You have an error in your SQL syntax; check the manual that corresponds to your MySQL server version for the right syntax to use near '{id, title, text} VALUES (`121`,`huetajtal`,`huetext` )' at line 1. The SQL statement executed was: INSERT INTO o_page {id, title, text} VALUES (`121`,`huetajtal`,`huetext` )' in /var/www/yii/framework/db/CDbCommand.php:357
Stack trace:
#0 /var/www/yii/unixmen/protected/controllers/SiteController.php(36): CDbCommand->execute()
#1 /var/www/yii/framework/web/actions/CInlineAction.php(49): SiteController->actionIndex()
#2 /var/www/yii/framework/web/CController.php(308): CInlineAction->runWithParams(Array)
#3 /var/www/yii/framework/web/CController.php(286): CController->runAction(Object(CInlineAction))
#4 /var/www/yii/framework/web/CController.php(265): CController->runActionWithFilters(Object(CInlineAction), Array)
#5 /var/www/yii/framework/web/CWebApplication.php(282): CController->run('')
#6 /var/www/yii/framework/web/CWebApplication.php(141): CWebApplication->runController('')
#7 /var/www/yii/framework/base/CApplication.php(169): CWebApplication->processRequest()
#8 /var/www/yii/unixmen/index.php(13): CApplication->run()
#9 {main}
REQUEST_URI=/
---
2014/01/20 14:52:36 [error] [system.db.CDbCommand] CDbCommand::execute() failed: SQLSTATE[42000]: Syntax error or access violation: 1064 You have an error in your SQL syntax; check the manual that corresponds to your MySQL server version for the right syntax to use near '{id, title, text} VALUES (121,`huetajtal`,`huetext` )' at line 1. The SQL statement executed was: INSERT INTO o_page {id, title, text} VALUES (121,`huetajtal`,`huetext` ).
in /var/www/yii/unixmen/protected/controllers/SiteController.php (36)
in /var/www/yii/unixmen/index.php (13)
2014/01/20 14:52:36 [error] [exception.CDbException] exception 'CDbException' with message 'CDbCommand failed to execute the SQL statement: SQLSTATE[42000]: Syntax error or access violation: 1064 You have an error in your SQL syntax; check the manual that corresponds to your MySQL server version for the right syntax to use near '{id, title, text} VALUES (121,`huetajtal`,`huetext` )' at line 1. The SQL statement executed was: INSERT INTO o_page {id, title, text} VALUES (121,`huetajtal`,`huetext` )' in /var/www/yii/framework/db/CDbCommand.php:357
Stack trace:
#0 /var/www/yii/unixmen/protected/controllers/SiteController.php(36): CDbCommand->execute()
#1 /var/www/yii/framework/web/actions/CInlineAction.php(49): SiteController->actionIndex()
#2 /var/www/yii/framework/web/CController.php(308): CInlineAction->runWithParams(Array)
#3 /var/www/yii/framework/web/CController.php(286): CController->runAction(Object(CInlineAction))
#4 /var/www/yii/framework/web/CController.php(265): CController->runActionWithFilters(Object(CInlineAction), Array)
#5 /var/www/yii/framework/web/CWebApplication.php(282): CController->run('')
#6 /var/www/yii/framework/web/CWebApplication.php(141): CWebApplication->runController('')
#7 /var/www/yii/framework/base/CApplication.php(169): CWebApplication->processRequest()
#8 /var/www/yii/unixmen/index.php(13): CApplication->run()
#9 {main}
REQUEST_URI=/
---
2014/01/20 14:52:53 [error] [system.db.CDbCommand] CDbCommand::execute() failed: SQLSTATE[42000]: Syntax error or access violation: 1064 You have an error in your SQL syntax; check the manual that corresponds to your MySQL server version for the right syntax to use near '{id, title, text} VALUES (121,`huetajtal`,`huetext` )' at line 1. The SQL statement executed was: INSERT INTO o_page {id, title, text} VALUES (121,`huetajtal`,`huetext` ).
in /var/www/yii/unixmen/protected/controllers/SiteController.php (36)
in /var/www/yii/unixmen/index.php (13)
2014/01/20 14:52:53 [error] [exception.CDbException] exception 'CDbException' with message 'CDbCommand failed to execute the SQL statement: SQLSTATE[42000]: Syntax error or access violation: 1064 You have an error in your SQL syntax; check the manual that corresponds to your MySQL server version for the right syntax to use near '{id, title, text} VALUES (121,`huetajtal`,`huetext` )' at line 1. The SQL statement executed was: INSERT INTO o_page {id, title, text} VALUES (121,`huetajtal`,`huetext` )' in /var/www/yii/framework/db/CDbCommand.php:357
Stack trace:
#0 /var/www/yii/unixmen/protected/controllers/SiteController.php(36): CDbCommand->execute()
#1 /var/www/yii/framework/web/actions/CInlineAction.php(49): SiteController->actionIndex()
#2 /var/www/yii/framework/web/CController.php(308): CInlineAction->runWithParams(Array)
#3 /var/www/yii/framework/web/CController.php(286): CController->runAction(Object(CInlineAction))
#4 /var/www/yii/framework/web/CController.php(265): CController->runActionWithFilters(Object(CInlineAction), Array)
#5 /var/www/yii/framework/web/CWebApplication.php(282): CController->run('')
#6 /var/www/yii/framework/web/CWebApplication.php(141): CWebApplication->runController('')
#7 /var/www/yii/framework/base/CApplication.php(169): CWebApplication->processRequest()
#8 /var/www/yii/unixmen/index.php(13): CApplication->run()
#9 {main}
REQUEST_URI=/
---
2014/01/20 14:53:52 [error] [system.db.CDbCommand] CDbCommand::execute() failed: SQLSTATE[42000]: Syntax error or access violation: 1064 You have an error in your SQL syntax; check the manual that corresponds to your MySQL server version for the right syntax to use near '{`id`, `title`, `text`} VALUES (121,`huetajtal`,`huetext` )' at line 1. The SQL statement executed was: INSERT INTO o_page {`id`, `title`, `text`} VALUES (121,`huetajtal`,`huetext` ).
in /var/www/yii/unixmen/protected/controllers/SiteController.php (36)
in /var/www/yii/unixmen/index.php (13)
2014/01/20 14:53:52 [error] [exception.CDbException] exception 'CDbException' with message 'CDbCommand failed to execute the SQL statement: SQLSTATE[42000]: Syntax error or access violation: 1064 You have an error in your SQL syntax; check the manual that corresponds to your MySQL server version for the right syntax to use near '{`id`, `title`, `text`} VALUES (121,`huetajtal`,`huetext` )' at line 1. The SQL statement executed was: INSERT INTO o_page {`id`, `title`, `text`} VALUES (121,`huetajtal`,`huetext` )' in /var/www/yii/framework/db/CDbCommand.php:357
Stack trace:
#0 /var/www/yii/unixmen/protected/controllers/SiteController.php(36): CDbCommand->execute()
#1 /var/www/yii/framework/web/actions/CInlineAction.php(49): SiteController->actionIndex()
#2 /var/www/yii/framework/web/CController.php(308): CInlineAction->runWithParams(Array)
#3 /var/www/yii/framework/web/CController.php(286): CController->runAction(Object(CInlineAction))
#4 /var/www/yii/framework/web/CController.php(265): CController->runActionWithFilters(Object(CInlineAction), Array)
#5 /var/www/yii/framework/web/CWebApplication.php(282): CController->run('')
#6 /var/www/yii/framework/web/CWebApplication.php(141): CWebApplication->runController('')
#7 /var/www/yii/framework/base/CApplication.php(169): CWebApplication->processRequest()
#8 /var/www/yii/unixmen/index.php(13): CApplication->run()
#9 {main}
REQUEST_URI=/
---
2014/01/20 14:55:24 [error] [system.db.CDbCommand] CDbCommand::execute() failed: SQLSTATE[42000]: Syntax error or access violation: 1064 You have an error in your SQL syntax; check the manual that corresponds to your MySQL server version for the right syntax to use near '{`id`,`title`,`text`} VALUES (121,`huetajtal`,`huetext` )' at line 1. The SQL statement executed was: INSERT INTO o_page {`id`,`title`,`text`} VALUES (121,`huetajtal`,`huetext` ).
in /var/www/yii/unixmen/protected/controllers/SiteController.php (36)
in /var/www/yii/unixmen/index.php (13)
2014/01/20 14:55:24 [error] [exception.CDbException] exception 'CDbException' with message 'CDbCommand failed to execute the SQL statement: SQLSTATE[42000]: Syntax error or access violation: 1064 You have an error in your SQL syntax; check the manual that corresponds to your MySQL server version for the right syntax to use near '{`id`,`title`,`text`} VALUES (121,`huetajtal`,`huetext` )' at line 1. The SQL statement executed was: INSERT INTO o_page {`id`,`title`,`text`} VALUES (121,`huetajtal`,`huetext` )' in /var/www/yii/framework/db/CDbCommand.php:357
Stack trace:
#0 /var/www/yii/unixmen/protected/controllers/SiteController.php(36): CDbCommand->execute()
#1 /var/www/yii/framework/web/actions/CInlineAction.php(49): SiteController->actionIndex()
#2 /var/www/yii/framework/web/CController.php(308): CInlineAction->runWithParams(Array)
#3 /var/www/yii/framework/web/CController.php(286): CController->runAction(Object(CInlineAction))
#4 /var/www/yii/framework/web/CController.php(265): CController->runActionWithFilters(Object(CInlineAction), Array)
#5 /var/www/yii/framework/web/CWebApplication.php(282): CController->run('')
#6 /var/www/yii/framework/web/CWebApplication.php(141): CWebApplication->runController('')
#7 /var/www/yii/framework/base/CApplication.php(169): CWebApplication->processRequest()
#8 /var/www/yii/unixmen/index.php(13): CApplication->run()
#9 {main}
REQUEST_URI=/
---
2014/01/20 14:56:20 [error] [system.db.CDbCommand] CDbCommand::execute() failed: SQLSTATE[42000]: Syntax error or access violation: 1064 You have an error in your SQL syntax; check the manual that corresponds to your MySQL server version for the right syntax to use near '{`id`,`title`,`text`} VALUES (121,`huetajtal`,`huetext`)' at line 1. The SQL statement executed was: INSERT INTO o_page {`id`,`title`,`text`} VALUES (121,`huetajtal`,`huetext`).
in /var/www/yii/unixmen/protected/controllers/SiteController.php (36)
in /var/www/yii/unixmen/index.php (13)
2014/01/20 14:56:20 [error] [exception.CDbException] exception 'CDbException' with message 'CDbCommand failed to execute the SQL statement: SQLSTATE[42000]: Syntax error or access violation: 1064 You have an error in your SQL syntax; check the manual that corresponds to your MySQL server version for the right syntax to use near '{`id`,`title`,`text`} VALUES (121,`huetajtal`,`huetext`)' at line 1. The SQL statement executed was: INSERT INTO o_page {`id`,`title`,`text`} VALUES (121,`huetajtal`,`huetext`)' in /var/www/yii/framework/db/CDbCommand.php:357
Stack trace:
#0 /var/www/yii/unixmen/protected/controllers/SiteController.php(36): CDbCommand->execute()
#1 /var/www/yii/framework/web/actions/CInlineAction.php(49): SiteController->actionIndex()
#2 /var/www/yii/framework/web/CController.php(308): CInlineAction->runWithParams(Array)
#3 /var/www/yii/framework/web/CController.php(286): CController->runAction(Object(CInlineAction))
#4 /var/www/yii/framework/web/CController.php(265): CController->runActionWithFilters(Object(CInlineAction), Array)
#5 /var/www/yii/framework/web/CWebApplication.php(282): CController->run('')
#6 /var/www/yii/framework/web/CWebApplication.php(141): CWebApplication->runController('')
#7 /var/www/yii/framework/base/CApplication.php(169): CWebApplication->processRequest()
#8 /var/www/yii/unixmen/index.php(13): CApplication->run()
#9 {main}
REQUEST_URI=/
---
2014/01/20 14:56:51 [error] [system.db.CDbCommand] CDbCommand::execute() failed: SQLSTATE[42S22]: Column not found: 1054 Unknown column 'huetajtal' in 'field list'. The SQL statement executed was: INSERT INTO o_page (`id`,`title`,`text`) VALUES (121,`huetajtal`,`huetext`).
in /var/www/yii/unixmen/protected/controllers/SiteController.php (36)
in /var/www/yii/unixmen/index.php (13)
2014/01/20 14:56:51 [error] [exception.CDbException] exception 'CDbException' with message 'CDbCommand failed to execute the SQL statement: SQLSTATE[42S22]: Column not found: 1054 Unknown column 'huetajtal' in 'field list'. The SQL statement executed was: INSERT INTO o_page (`id`,`title`,`text`) VALUES (121,`huetajtal`,`huetext`)' in /var/www/yii/framework/db/CDbCommand.php:357
Stack trace:
#0 /var/www/yii/unixmen/protected/controllers/SiteController.php(36): CDbCommand->execute()
#1 /var/www/yii/framework/web/actions/CInlineAction.php(49): SiteController->actionIndex()
#2 /var/www/yii/framework/web/CController.php(308): CInlineAction->runWithParams(Array)
#3 /var/www/yii/framework/web/CController.php(286): CController->runAction(Object(CInlineAction))
#4 /var/www/yii/framework/web/CController.php(265): CController->runActionWithFilters(Object(CInlineAction), Array)
#5 /var/www/yii/framework/web/CWebApplication.php(282): CController->run('')
#6 /var/www/yii/framework/web/CWebApplication.php(141): CWebApplication->runController('')
#7 /var/www/yii/framework/base/CApplication.php(169): CWebApplication->processRequest()
#8 /var/www/yii/unixmen/index.php(13): CApplication->run()
#9 {main}
REQUEST_URI=/
---
2014/01/20 14:57:19 [error] [system.db.CDbCommand] CDbCommand::execute() failed: SQLSTATE[23000]: Integrity constraint violation: 1062 Duplicate entry '1' for key 'PRIMARY'. The SQL statement executed was: INSERT INTO o_page (`id`,`title`,`text`) VALUES (1,`title`,`text`).
in /var/www/yii/unixmen/protected/controllers/SiteController.php (36)
in /var/www/yii/unixmen/index.php (13)
2014/01/20 14:57:19 [error] [exception.CDbException] exception 'CDbException' with message 'CDbCommand failed to execute the SQL statement: SQLSTATE[23000]: Integrity constraint violation: 1062 Duplicate entry '1' for key 'PRIMARY'. The SQL statement executed was: INSERT INTO o_page (`id`,`title`,`text`) VALUES (1,`title`,`text`)' in /var/www/yii/framework/db/CDbCommand.php:357
Stack trace:
#0 /var/www/yii/unixmen/protected/controllers/SiteController.php(36): CDbCommand->execute()
#1 /var/www/yii/framework/web/actions/CInlineAction.php(49): SiteController->actionIndex()
#2 /var/www/yii/framework/web/CController.php(308): CInlineAction->runWithParams(Array)
#3 /var/www/yii/framework/web/CController.php(286): CController->runAction(Object(CInlineAction))
#4 /var/www/yii/framework/web/CController.php(265): CController->runActionWithFilters(Object(CInlineAction), Array)
#5 /var/www/yii/framework/web/CWebApplication.php(282): CController->run('')
#6 /var/www/yii/framework/web/CWebApplication.php(141): CWebApplication->runController('')
#7 /var/www/yii/framework/base/CApplication.php(169): CWebApplication->processRequest()
#8 /var/www/yii/unixmen/index.php(13): CApplication->run()
#9 {main}
REQUEST_URI=/
---
2014/01/20 14:58:15 [error] [system.db.CDbCommand] CDbCommand::execute() failed: SQLSTATE[42S22]: Column not found: 1054 Unknown column 'huetitle' in 'field list'. The SQL statement executed was: INSERT INTO o_page (`id`,`title`,`text`) VALUES (500,`huetitle`,`huetext`).
in /var/www/yii/unixmen/protected/controllers/SiteController.php (36)
in /var/www/yii/unixmen/index.php (13)
2014/01/20 14:58:15 [error] [exception.CDbException] exception 'CDbException' with message 'CDbCommand failed to execute the SQL statement: SQLSTATE[42S22]: Column not found: 1054 Unknown column 'huetitle' in 'field list'. The SQL statement executed was: INSERT INTO o_page (`id`,`title`,`text`) VALUES (500,`huetitle`,`huetext`)' in /var/www/yii/framework/db/CDbCommand.php:357
Stack trace:
#0 /var/www/yii/unixmen/protected/controllers/SiteController.php(36): CDbCommand->execute()
#1 /var/www/yii/framework/web/actions/CInlineAction.php(49): SiteController->actionIndex()
#2 /var/www/yii/framework/web/CController.php(308): CInlineAction->runWithParams(Array)
#3 /var/www/yii/framework/web/CController.php(286): CController->runAction(Object(CInlineAction))
#4 /var/www/yii/framework/web/CController.php(265): CController->runActionWithFilters(Object(CInlineAction), Array)
#5 /var/www/yii/framework/web/CWebApplication.php(282): CController->run('')
#6 /var/www/yii/framework/web/CWebApplication.php(141): CWebApplication->runController('')
#7 /var/www/yii/framework/base/CApplication.php(169): CWebApplication->processRequest()
#8 /var/www/yii/unixmen/index.php(13): CApplication->run()
#9 {main}
REQUEST_URI=/
---
2014/01/20 14:59:30 [error] [system.db.CDbCommand] CDbCommand::execute() failed: SQLSTATE[42S22]: Column not found: 1054 Unknown column 'huetitle' in 'field list'. The SQL statement executed was: INSERT INTO o_page (`id`,`title`,`text`) VALUES (11,`huetitle`,`huetext`).
in /var/www/yii/unixmen/protected/controllers/SiteController.php (36)
in /var/www/yii/unixmen/index.php (13)
2014/01/20 14:59:30 [error] [exception.CDbException] exception 'CDbException' with message 'CDbCommand failed to execute the SQL statement: SQLSTATE[42S22]: Column not found: 1054 Unknown column 'huetitle' in 'field list'. The SQL statement executed was: INSERT INTO o_page (`id`,`title`,`text`) VALUES (11,`huetitle`,`huetext`)' in /var/www/yii/framework/db/CDbCommand.php:357
Stack trace:
#0 /var/www/yii/unixmen/protected/controllers/SiteController.php(36): CDbCommand->execute()
#1 /var/www/yii/framework/web/actions/CInlineAction.php(49): SiteController->actionIndex()
#2 /var/www/yii/framework/web/CController.php(308): CInlineAction->runWithParams(Array)
#3 /var/www/yii/framework/web/CController.php(286): CController->runAction(Object(CInlineAction))
#4 /var/www/yii/framework/web/CController.php(265): CController->runActionWithFilters(Object(CInlineAction), Array)
#5 /var/www/yii/framework/web/CWebApplication.php(282): CController->run('')
#6 /var/www/yii/framework/web/CWebApplication.php(141): CWebApplication->runController('')
#7 /var/www/yii/framework/base/CApplication.php(169): CWebApplication->processRequest()
#8 /var/www/yii/unixmen/index.php(13): CApplication->run()
#9 {main}
REQUEST_URI=/
---
2014/01/20 15:02:33 [error] [php] Trying to get property of non-object (/var/www/yii/unixmen/protected/controllers/SiteController.php:39)
Stack trace:
#0 /var/www/yii/framework/web/CController.php(286): SiteController->runAction()
#1 /var/www/yii/framework/web/CController.php(265): SiteController->runActionWithFilters()
#2 /var/www/yii/framework/web/CWebApplication.php(282): SiteController->run()
#3 /var/www/yii/framework/web/CWebApplication.php(141): CWebApplication->runController()
#4 /var/www/yii/framework/base/CApplication.php(169): CWebApplication->processRequest()
#5 /var/www/yii/unixmen/index.php(13): CWebApplication->run()
REQUEST_URI=/
in /var/www/yii/unixmen/protected/controllers/SiteController.php (39)
in /var/www/yii/unixmen/index.php (13)
2014/01/20 16:13:43 [warning] [application] Failed to set unsafe attribute "description" of "Categories".
in /var/www/yii/unixmen/protected/modules/admin/controllers/CategoriesController.php (72)
in /var/www/yii/unixmen/index.php (13)
2014/01/20 16:13:43 [warning] [application] Failed to set unsafe attribute "position" of "Categories".
in /var/www/yii/unixmen/protected/modules/admin/controllers/CategoriesController.php (72)
in /var/www/yii/unixmen/index.php (13)
2014/01/20 16:13:43 [error] [exception.CException] exception 'CException' with message 'CategoriesController cannot find the requested view "view".' in /var/www/yii/framework/web/CController.php:878
Stack trace:
#0 /var/www/yii/framework/web/CController.php(782): CController->renderPartial('view', Array, true)
#1 /var/www/yii/unixmen/protected/modules/admin/controllers/CategoriesController.php(56): CController->render('view', Array)
#2 [internal function]: CategoriesController->actionView('6')
#3 /var/www/yii/framework/web/actions/CAction.php(108): ReflectionMethod->invokeArgs(Object(CategoriesController), Array)
#4 /var/www/yii/framework/web/actions/CInlineAction.php(47): CAction->runWithParamsInternal(Object(CategoriesController), Object(ReflectionMethod), Array)
#5 /var/www/yii/framework/web/CController.php(308): CInlineAction->runWithParams(Array)
#6 /var/www/yii/framework/web/filters/CFilterChain.php(133): CController->runAction(Object(CInlineAction))
#7 /var/www/yii/framework/web/filters/CFilter.php(40): CFilterChain->run()
#8 /var/www/yii/framework/web/CController.php(1145): CFilter->filter(Object(CFilterChain))
#9 /var/www/yii/framework/web/filters/CInlineFilter.php(58): CController->filterAccessControl(Object(CFilterChain))
#10 /var/www/yii/framework/web/filters/CFilterChain.php(130): CInlineFilter->filter(Object(CFilterChain))
#11 /var/www/yii/framework/web/CController.php(291): CFilterChain->run()
#12 /var/www/yii/framework/web/CController.php(265): CController->runActionWithFilters(Object(CInlineAction), Array)
#13 /var/www/yii/framework/web/CWebApplication.php(282): CController->run('view')
#14 /var/www/yii/framework/web/CWebApplication.php(141): CWebApplication->runController('admin/categorie...')
#15 /var/www/yii/framework/base/CApplication.php(169): CWebApplication->processRequest()
#16 /var/www/yii/unixmen/index.php(13): CApplication->run()
#17 {main}
REQUEST_URI=/index.php/admin/categories/view/id/6
HTTP_REFERER=http://yii.localhost/index.php/admin/categories/create
---
2014/01/20 16:17:00 [error] [exception.CHttpException.404] exception 'CHttpException' with message 'The system is unable to find the requested action "view".' in /var/www/yii/framework/web/CController.php:483
Stack trace:
#0 /var/www/yii/framework/web/CController.php(270): CController->missingAction('view')
#1 /var/www/yii/framework/web/CWebApplication.php(282): CController->run('view')
#2 /var/www/yii/framework/web/CWebApplication.php(141): CWebApplication->runController('admin/categorie...')
#3 /var/www/yii/framework/base/CApplication.php(169): CWebApplication->processRequest()
#4 /var/www/yii/unixmen/index.php(13): CApplication->run()
#5 {main}
REQUEST_URI=/index.php/admin/categories/view/id/6
HTTP_REFERER=http://yii.localhost/index.php/admin/categories/create
---
2014/01/20 16:17:12 [error] [php] Undefined variable: model (/var/www/yii/unixmen/protected/modules/admin/views/categories/index.php:39)
Stack trace:
#0 /var/www/yii/framework/web/CController.php(869): CategoriesController->renderFile()
#1 /var/www/yii/framework/web/CController.php(782): CategoriesController->renderPartial()
#2 /var/www/yii/unixmen/protected/modules/admin/controllers/CategoriesController.php(123): CategoriesController->render()
#3 /var/www/yii/framework/web/actions/CInlineAction.php(49): CategoriesController->actionIndex()
#4 /var/www/yii/framework/web/CController.php(308): CInlineAction->runWithParams()
#5 /var/www/yii/framework/web/filters/CFilterChain.php(133): CategoriesController->runAction()
#6 /var/www/yii/framework/web/filters/CFilter.php(40): CFilterChain->run()
#7 /var/www/yii/framework/web/CController.php(1145): CAccessControlFilter->filter()
#8 /var/www/yii/framework/web/filters/CInlineFilter.php(58): CategoriesController->filterAccessControl()
#9 /var/www/yii/framework/web/filters/CFilterChain.php(130): CInlineFilter->filter()
#10 /var/www/yii/framework/web/CController.php(291): CFilterChain->run()
#11 /var/www/yii/framework/web/CController.php(265): CategoriesController->runActionWithFilters()
#12 /var/www/yii/framework/web/CWebApplication.php(282): CategoriesController->run()
#13 /var/www/yii/framework/web/CWebApplication.php(141): CWebApplication->runController()
#14 /var/www/yii/framework/base/CApplication.php(169): CWebApplication->processRequest()
#15 /var/www/yii/unixmen/index.php(13): CWebApplication->run()
REQUEST_URI=/index.php/admin/categories/
in /var/www/yii/unixmen/protected/modules/admin/views/categories/index.php (39)
in /var/www/yii/unixmen/protected/modules/admin/controllers/CategoriesController.php (123)
in /var/www/yii/unixmen/index.php (13)
2014/01/20 16:17:50 [warning] [application] Failed to set unsafe attribute "description" of "Categories".
in /var/www/yii/unixmen/protected/modules/admin/controllers/CategoriesController.php (67)
in /var/www/yii/unixmen/index.php (13)
2014/01/20 16:17:50 [warning] [application] Failed to set unsafe attribute "position" of "Categories".
in /var/www/yii/unixmen/protected/modules/admin/controllers/CategoriesController.php (67)
in /var/www/yii/unixmen/index.php (13)
2014/01/20 16:17:50 [error] [php] Undefined variable: model (/var/www/yii/unixmen/protected/modules/admin/views/categories/index.php:39)
Stack trace:
#0 /var/www/yii/framework/web/CController.php(869): CategoriesController->renderFile()
#1 /var/www/yii/framework/web/CController.php(782): CategoriesController->renderPartial()
#2 /var/www/yii/unixmen/protected/modules/admin/controllers/CategoriesController.php(123): CategoriesController->render()
#3 /var/www/yii/framework/web/actions/CInlineAction.php(49): CategoriesController->actionIndex()
#4 /var/www/yii/framework/web/CController.php(308): CInlineAction->runWithParams()
#5 /var/www/yii/framework/web/filters/CFilterChain.php(133): CategoriesController->runAction()
#6 /var/www/yii/framework/web/filters/CFilter.php(40): CFilterChain->run()
#7 /var/www/yii/framework/web/CController.php(1145): CAccessControlFilter->filter()
#8 /var/www/yii/framework/web/filters/CInlineFilter.php(58): CategoriesController->filterAccessControl()
#9 /var/www/yii/framework/web/filters/CFilterChain.php(130): CInlineFilter->filter()
#10 /var/www/yii/framework/web/CController.php(291): CFilterChain->run()
#11 /var/www/yii/framework/web/CController.php(265): CategoriesController->runActionWithFilters()
#12 /var/www/yii/framework/web/CWebApplication.php(282): CategoriesController->run()
#13 /var/www/yii/framework/web/CWebApplication.php(141): CWebApplication->runController()
#14 /var/www/yii/framework/base/CApplication.php(169): CWebApplication->processRequest()
#15 /var/www/yii/unixmen/index.php(13): CWebApplication->run()
REQUEST_URI=/index.php/admin/categories/index
in /var/www/yii/unixmen/protected/modules/admin/views/categories/index.php (39)
in /var/www/yii/unixmen/protected/modules/admin/controllers/CategoriesController.php (123)
in /var/www/yii/unixmen/index.php (13)
2014/01/20 16:23:45 [error] [php] Undefined variable: model (/var/www/yii/unixmen/protected/modules/admin/views/categories/index.php:39)
Stack trace:
#0 /var/www/yii/framework/web/CController.php(869): CategoriesController->renderFile()
#1 /var/www/yii/framework/web/CController.php(782): CategoriesController->renderPartial()
#2 /var/www/yii/unixmen/protected/modules/admin/controllers/CategoriesController.php(123): CategoriesController->render()
#3 /var/www/yii/framework/web/actions/CInlineAction.php(49): CategoriesController->actionIndex()
#4 /var/www/yii/framework/web/CController.php(308): CInlineAction->runWithParams()
#5 /var/www/yii/framework/web/filters/CFilterChain.php(133): CategoriesController->runAction()
#6 /var/www/yii/framework/web/filters/CFilter.php(40): CFilterChain->run()
#7 /var/www/yii/framework/web/CController.php(1145): CAccessControlFilter->filter()
#8 /var/www/yii/framework/web/filters/CInlineFilter.php(58): CategoriesController->filterAccessControl()
#9 /var/www/yii/framework/web/filters/CFilterChain.php(130): CInlineFilter->filter()
#10 /var/www/yii/framework/web/CController.php(291): CFilterChain->run()
#11 /var/www/yii/framework/web/CController.php(265): CategoriesController->runActionWithFilters()
#12 /var/www/yii/framework/web/CWebApplication.php(282): CategoriesController->run()
#13 /var/www/yii/framework/web/CWebApplication.php(141): CWebApplication->runController()
#14 /var/www/yii/framework/base/CApplication.php(169): CWebApplication->processRequest()
#15 /var/www/yii/unixmen/index.php(13): CWebApplication->run()
REQUEST_URI=/index.php/admin/categories/index
in /var/www/yii/unixmen/protected/modules/admin/views/categories/index.php (39)
in /var/www/yii/unixmen/protected/modules/admin/controllers/CategoriesController.php (123)
in /var/www/yii/unixmen/index.php (13)
2014/01/20 16:27:47 [warning] [application] Failed to set unsafe attribute "description" of "Categories".
in /var/www/yii/unixmen/protected/modules/admin/controllers/CategoriesController.php (123)
in /var/www/yii/unixmen/index.php (13)
